ERROR - 2024-07-15 15:30:44 --> mysqli_sql_exception: Table 'rncpzrjh_hm.events' doesn't exist in /home/rncpzrjh/domains/hamidmahzon.com/public_html/myapp/system/Database/MySQLi/Connection.php:295
Stack trace:
#0 /home/rncpzrjh/domains/hamidmahzon.com/public_html/myapp/system/Database/MySQLi/Connection.php(295): mysqli->query()
#1 /home/rncpzrjh/domains/hamidmahzon.com/public_html/myapp/system/Database/BaseConnection.php(691): CodeIgniter\Database\MySQLi\Connection->execute()
#2 /home/rncpzrjh/domains/hamidmahzon.com/public_html/myapp/system/Database/BaseConnection.php(605): CodeIgniter\Database\BaseConnection->simpleQuery()
#3 /home/rncpzrjh/domains/hamidmahzon.com/public_html/myapp/system/Database/BaseBuilder.php(1616): CodeIgniter\Database\BaseConnection->query()
#4 /home/rncpzrjh/domains/hamidmahzon.com/public_html/myapp/app/Controllers/CwnuController.php(581): CodeIgniter\Database\BaseBuilder->get()
#5 /home/rncpzrjh/domains/hamidmahzon.com/public_html/myapp/system/CodeIgniter.php(934): App\Controllers\CwnuController->events()
#6 /home/rncpzrjh/domains/hamidmahzon.com/public_html/myapp/system/CodeIgniter.php(499): CodeIgniter\CodeIgniter->runController()
#7 /home/rncpzrjh/domains/hamidmahzon.com/public_html/myapp/system/CodeIgniter.php(368): CodeIgniter\CodeIgniter->handleRequest()
#8 /home/rncpzrjh/domains/hamidmahzon.com/public_html/index.php(67): CodeIgniter\CodeIgniter->run()
#9 {main}
CRITICAL - 2024-07-15 15:30:44 --> Table 'rncpzrjh_hm.events' doesn't exist
in SYSTEMPATH/Database/BaseConnection.php on line 645.
 1 SYSTEMPATH/Database/BaseBuilder.php(1616): CodeIgniter\Database\BaseConnection->query()
 2 APPPATH/Controllers/CwnuController.php(581): CodeIgniter\Database\BaseBuilder->get()
 3 SYSTEMPATH/CodeIgniter.php(934): App\Controllers\CwnuController->events()
 4 SYSTEMPATH/CodeIgniter.php(499): CodeIgniter\CodeIgniter->runController()
 5 SYSTEMPATH/CodeIgniter.php(368): CodeIgniter\CodeIgniter->handleRequest()
 6 FCPATH/index.php(67): CodeIgniter\CodeIgniter->run()
CRITICAL - 2024-07-15 15:47:36 --> The original file is not a valid file.
in SYSTEMPATH/HTTP/Files/UploadedFile.php on line 137.
 1 SYSTEMPATH/HTTP/Files/UploadedFile.php(137): CodeIgniter\HTTP\Exceptions\HTTPException::forInvalidFile()
 2 APPPATH/Controllers/CwnuController.php(78): CodeIgniter\HTTP\Files\UploadedFile->move()
 3 SYSTEMPATH/CodeIgniter.php(934): App\Controllers\CwnuController->update()
 4 SYSTEMPATH/CodeIgniter.php(499): CodeIgniter\CodeIgniter->runController()
 5 SYSTEMPATH/CodeIgniter.php(368): CodeIgniter\CodeIgniter->handleRequest()
 6 FCPATH/index.php(67): CodeIgniter\CodeIgniter->run()
CRITICAL - 2024-07-15 17:34:40 --> Invalid file: "cwnupc/help.php"
in SYSTEMPATH/Exceptions/FrameworkException.php on line 33.
 1 SYSTEMPATH/View/View.php(201): CodeIgniter\Exceptions\FrameworkException::forInvalidFile()
 2 SYSTEMPATH/Common.php(1184): CodeIgniter\View\View->render()
 3 APPPATH/Controllers/CwnupcController.php(39): view()
 4 SYSTEMPATH/CodeIgniter.php(934): App\Controllers\CwnupcController->cwnupch()
 5 SYSTEMPATH/CodeIgniter.php(499): CodeIgniter\CodeIgniter->runController()
 6 SYSTEMPATH/CodeIgniter.php(368): CodeIgniter\CodeIgniter->handleRequest()
 7 FCPATH/index.php(67): CodeIgniter\CodeIgniter->run()
CRITICAL - 2024-07-15 18:28:55 --> Invalid file: "cwnupc/help.php"
in SYSTEMPATH/Exceptions/FrameworkException.php on line 33.
 1 SYSTEMPATH/View/View.php(201): CodeIgniter\Exceptions\FrameworkException::forInvalidFile()
 2 SYSTEMPATH/Common.php(1184): CodeIgniter\View\View->render()
 3 APPPATH/Controllers/CwnupcController.php(39): view()
 4 SYSTEMPATH/CodeIgniter.php(934): App\Controllers\CwnupcController->cwnupch()
 5 SYSTEMPATH/CodeIgniter.php(499): CodeIgniter\CodeIgniter->runController()
 6 SYSTEMPATH/CodeIgniter.php(368): CodeIgniter\CodeIgniter->handleRequest()
 7 FCPATH/index.php(67): CodeIgniter\CodeIgniter->run()
CRITICAL - 2024-07-15 23:53:30 --> Invalid file: "cwnupc/help.php"
in SYSTEMPATH/Exceptions/FrameworkException.php on line 33.
 1 SYSTEMPATH/View/View.php(201): CodeIgniter\Exceptions\FrameworkException::forInvalidFile()
 2 SYSTEMPATH/Common.php(1184): CodeIgniter\View\View->render()
 3 APPPATH/Controllers/CwnupcController.php(39): view()
 4 SYSTEMPATH/CodeIgniter.php(934): App\Controllers\CwnupcController->cwnupch()
 5 SYSTEMPATH/CodeIgniter.php(499): CodeIgniter\CodeIgniter->runController()
 6 SYSTEMPATH/CodeIgniter.php(368): CodeIgniter\CodeIgniter->handleRequest()
 7 FCPATH/index.php(67): CodeIgniter\CodeIgniter->run()
