ERROR - 2024-10-09 00:05:09 --> Error connecting to the database: mysqli_sql_exception: Access denied for user 'rncpzrjh_hm'@'localhost' (using password: YES) in /Applications/MAMP/htdocs/ws/myapp/system/Database/MySQLi/Connection.php:173
Stack trace:
#0 /Applications/MAMP/htdocs/ws/myapp/system/Database/MySQLi/Connection.php(173): mysqli->real_connect('localhost', 'rncpzrjh_hm', Object(SensitiveParameterValue), 'rncpzrjh_hm', 3306, '', 0)
#1 /Applications/MAMP/htdocs/ws/myapp/system/Database/BaseConnection.php(391): CodeIgniter\Database\MySQLi\Connection->connect(false)
#2 /Applications/MAMP/htdocs/ws/myapp/system/Database/BaseConnection.php(573): CodeIgniter\Database\BaseConnection->initialize()
#3 /Applications/MAMP/htdocs/ws/myapp/system/Database/BaseBuilder.php(1616): CodeIgniter\Database\BaseConnection->query('SELECT *\nFROM `...', Array, false)
#4 /Applications/MAMP/htdocs/ws/myapp/app/Controllers/CwnupcController.php(21): CodeIgniter\Database\BaseBuilder->get()
#5 /Applications/MAMP/htdocs/ws/myapp/system/CodeIgniter.php(934): App\Controllers\CwnupcController->index()
#6 /Applications/MAMP/htdocs/ws/myapp/system/CodeIgniter.php(499): CodeIgniter\CodeIgniter->runController(Object(App\Controllers\CwnupcController))
#7 /Applications/MAMP/htdocs/ws/myapp/system/CodeIgniter.php(368): CodeIgniter\CodeIgniter->handleRequest(NULL, Object(Config\Cache), false)
#8 /Applications/MAMP/htdocs/ws/index.php(67): CodeIgniter\CodeIgniter->run()
#9 {main}

Next CodeIgniter\Database\Exceptions\DatabaseException: Access denied for user '****'@'localhost' (using password: YES) in /Applications/MAMP/htdocs/ws/myapp/system/Database/MySQLi/Connection.php:218
Stack trace:
#0 /Applications/MAMP/htdocs/ws/myapp/system/Database/BaseConnection.php(391): CodeIgniter\Database\MySQLi\Connection->connect(false)
#1 /Applications/MAMP/htdocs/ws/myapp/system/Database/BaseConnection.php(573): CodeIgniter\Database\BaseConnection->initialize()
#2 /Applications/MAMP/htdocs/ws/myapp/system/Database/BaseBuilder.php(1616): CodeIgniter\Database\BaseConnection->query('SELECT *\nFROM `...', Array, false)
#3 /Applications/MAMP/htdocs/ws/myapp/app/Controllers/CwnupcController.php(21): CodeIgniter\Database\BaseBuilder->get()
#4 /Applications/MAMP/htdocs/ws/myapp/system/CodeIgniter.php(934): App\Controllers\CwnupcController->index()
#5 /Applications/MAMP/htdocs/ws/myapp/system/CodeIgniter.php(499): CodeIgniter\CodeIgniter->runController(Object(App\Controllers\CwnupcController))
#6 /Applications/MAMP/htdocs/ws/myapp/system/CodeIgniter.php(368): CodeIgniter\CodeIgniter->handleRequest(NULL, Object(Config\Cache), false)
#7 /Applications/MAMP/htdocs/ws/index.php(67): CodeIgniter\CodeIgniter->run()
#8 {main}
CRITICAL - 2024-10-09 00:05:09 --> Unable to connect to the database.
Main connection [MySQLi]: Access denied for user '****'@'localhost' (using password: YES)
in SYSTEMPATH/Database/BaseConnection.php on line 427.
 1 SYSTEMPATH/Database/BaseConnection.php(573): CodeIgniter\Database\BaseConnection->initialize()
 2 SYSTEMPATH/Database/BaseBuilder.php(1616): CodeIgniter\Database\BaseConnection->query('SELECT *
FROM `cwnupcs`
WHERE `pk` = :pk:
ORDER BY `update`', [...], false)
 3 APPPATH/Controllers/CwnupcController.php(21): CodeIgniter\Database\BaseBuilder->get()
 4 SYSTEMPATH/CodeIgniter.php(934): App\Controllers\CwnupcController->index()
 5 SYSTEMPATH/CodeIgniter.php(499): CodeIgniter\CodeIgniter->runController(Object(App\Controllers\CwnupcController))
 6 SYSTEMPATH/CodeIgniter.php(368): CodeIgniter\CodeIgniter->handleRequest(null, Object(Config\Cache), false)
 7 FCPATH/index.php(67): CodeIgniter\CodeIgniter->run()
INFO - 2024-10-09 00:06:03 --> Session: Class initialized using 'CodeIgniter\Session\Handlers\FileHandler' driver.
ERROR - 2024-10-09 00:06:03 --> Error connecting to the database: mysqli_sql_exception: Access denied for user 'rncpzrjh_hm'@'localhost' (using password: YES) in /Applications/MAMP/htdocs/ws/myapp/system/Database/MySQLi/Connection.php:173
Stack trace:
#0 /Applications/MAMP/htdocs/ws/myapp/system/Database/MySQLi/Connection.php(173): mysqli->real_connect('localhost', 'rncpzrjh_hm', Object(SensitiveParameterValue), 'rncpzrjh_hm', 3306, '', 0)
#1 /Applications/MAMP/htdocs/ws/myapp/system/Database/BaseConnection.php(391): CodeIgniter\Database\MySQLi\Connection->connect(false)
#2 /Applications/MAMP/htdocs/ws/myapp/system/Database/BaseConnection.php(573): CodeIgniter\Database\BaseConnection->initialize()
#3 /Applications/MAMP/htdocs/ws/myapp/system/Database/BaseBuilder.php(1616): CodeIgniter\Database\BaseConnection->query('SELECT *\nFROM `...', Array, false)
#4 /Applications/MAMP/htdocs/ws/myapp/app/Controllers/CwnupcController.php(21): CodeIgniter\Database\BaseBuilder->get()
#5 /Applications/MAMP/htdocs/ws/myapp/system/CodeIgniter.php(934): App\Controllers\CwnupcController->index()
#6 /Applications/MAMP/htdocs/ws/myapp/system/CodeIgniter.php(499): CodeIgniter\CodeIgniter->runController(Object(App\Controllers\CwnupcController))
#7 /Applications/MAMP/htdocs/ws/myapp/system/CodeIgniter.php(368): CodeIgniter\CodeIgniter->handleRequest(NULL, Object(Config\Cache), false)
#8 /Applications/MAMP/htdocs/ws/index.php(67): CodeIgniter\CodeIgniter->run()
#9 {main}

Next CodeIgniter\Database\Exceptions\DatabaseException: Access denied for user '****'@'localhost' (using password: YES) in /Applications/MAMP/htdocs/ws/myapp/system/Database/MySQLi/Connection.php:218
Stack trace:
#0 /Applications/MAMP/htdocs/ws/myapp/system/Database/BaseConnection.php(391): CodeIgniter\Database\MySQLi\Connection->connect(false)
#1 /Applications/MAMP/htdocs/ws/myapp/system/Database/BaseConnection.php(573): CodeIgniter\Database\BaseConnection->initialize()
#2 /Applications/MAMP/htdocs/ws/myapp/system/Database/BaseBuilder.php(1616): CodeIgniter\Database\BaseConnection->query('SELECT *\nFROM `...', Array, false)
#3 /Applications/MAMP/htdocs/ws/myapp/app/Controllers/CwnupcController.php(21): CodeIgniter\Database\BaseBuilder->get()
#4 /Applications/MAMP/htdocs/ws/myapp/system/CodeIgniter.php(934): App\Controllers\CwnupcController->index()
#5 /Applications/MAMP/htdocs/ws/myapp/system/CodeIgniter.php(499): CodeIgniter\CodeIgniter->runController(Object(App\Controllers\CwnupcController))
#6 /Applications/MAMP/htdocs/ws/myapp/system/CodeIgniter.php(368): CodeIgniter\CodeIgniter->handleRequest(NULL, Object(Config\Cache), false)
#7 /Applications/MAMP/htdocs/ws/index.php(67): CodeIgniter\CodeIgniter->run()
#8 {main}
CRITICAL - 2024-10-09 00:06:03 --> Unable to connect to the database.
Main connection [MySQLi]: Access denied for user '****'@'localhost' (using password: YES)
in SYSTEMPATH/Database/BaseConnection.php on line 427.
 1 SYSTEMPATH/Database/BaseConnection.php(573): CodeIgniter\Database\BaseConnection->initialize()
 2 SYSTEMPATH/Database/BaseBuilder.php(1616): CodeIgniter\Database\BaseConnection->query('SELECT *
FROM `cwnupcs`
WHERE `pk` = :pk:
ORDER BY `update`', [...], false)
 3 APPPATH/Controllers/CwnupcController.php(21): CodeIgniter\Database\BaseBuilder->get()
 4 SYSTEMPATH/CodeIgniter.php(934): App\Controllers\CwnupcController->index()
 5 SYSTEMPATH/CodeIgniter.php(499): CodeIgniter\CodeIgniter->runController(Object(App\Controllers\CwnupcController))
 6 SYSTEMPATH/CodeIgniter.php(368): CodeIgniter\CodeIgniter->handleRequest(null, Object(Config\Cache), false)
 7 FCPATH/index.php(67): CodeIgniter\CodeIgniter->run()
INFO - 2024-10-09 00:06:25 --> Session: Class initialized using 'CodeIgniter\Session\Handlers\FileHandler' driver.
ERROR - 2024-10-09 00:06:25 --> Error connecting to the database: mysqli_sql_exception: Access denied for user 'rncpzrjh_hm'@'localhost' (using password: NO) in /Applications/MAMP/htdocs/ws/myapp/system/Database/MySQLi/Connection.php:173
Stack trace:
#0 /Applications/MAMP/htdocs/ws/myapp/system/Database/MySQLi/Connection.php(173): mysqli->real_connect('localhost', 'rncpzrjh_hm', Object(SensitiveParameterValue), 'rncpzrjh_hm', 3306, '', 0)
#1 /Applications/MAMP/htdocs/ws/myapp/system/Database/BaseConnection.php(391): CodeIgniter\Database\MySQLi\Connection->connect(false)
#2 /Applications/MAMP/htdocs/ws/myapp/system/Database/BaseConnection.php(573): CodeIgniter\Database\BaseConnection->initialize()
#3 /Applications/MAMP/htdocs/ws/myapp/system/Database/BaseBuilder.php(1616): CodeIgniter\Database\BaseConnection->query('SELECT *\nFROM `...', Array, false)
#4 /Applications/MAMP/htdocs/ws/myapp/app/Controllers/CwnupcController.php(21): CodeIgniter\Database\BaseBuilder->get()
#5 /Applications/MAMP/htdocs/ws/myapp/system/CodeIgniter.php(934): App\Controllers\CwnupcController->index()
#6 /Applications/MAMP/htdocs/ws/myapp/system/CodeIgniter.php(499): CodeIgniter\CodeIgniter->runController(Object(App\Controllers\CwnupcController))
#7 /Applications/MAMP/htdocs/ws/myapp/system/CodeIgniter.php(368): CodeIgniter\CodeIgniter->handleRequest(NULL, Object(Config\Cache), false)
#8 /Applications/MAMP/htdocs/ws/index.php(67): CodeIgniter\CodeIgniter->run()
#9 {main}

Next CodeIgniter\Database\Exceptions\DatabaseException: Access denied for user '****'@'localhost' (using password: NO) in /Applications/MAMP/htdocs/ws/myapp/system/Database/MySQLi/Connection.php:218
Stack trace:
#0 /Applications/MAMP/htdocs/ws/myapp/system/Database/BaseConnection.php(391): CodeIgniter\Database\MySQLi\Connection->connect(false)
#1 /Applications/MAMP/htdocs/ws/myapp/system/Database/BaseConnection.php(573): CodeIgniter\Database\BaseConnection->initialize()
#2 /Applications/MAMP/htdocs/ws/myapp/system/Database/BaseBuilder.php(1616): CodeIgniter\Database\BaseConnection->query('SELECT *\nFROM `...', Array, false)
#3 /Applications/MAMP/htdocs/ws/myapp/app/Controllers/CwnupcController.php(21): CodeIgniter\Database\BaseBuilder->get()
#4 /Applications/MAMP/htdocs/ws/myapp/system/CodeIgniter.php(934): App\Controllers\CwnupcController->index()
#5 /Applications/MAMP/htdocs/ws/myapp/system/CodeIgniter.php(499): CodeIgniter\CodeIgniter->runController(Object(App\Controllers\CwnupcController))
#6 /Applications/MAMP/htdocs/ws/myapp/system/CodeIgniter.php(368): CodeIgniter\CodeIgniter->handleRequest(NULL, Object(Config\Cache), false)
#7 /Applications/MAMP/htdocs/ws/index.php(67): CodeIgniter\CodeIgniter->run()
#8 {main}
CRITICAL - 2024-10-09 00:06:25 --> Unable to connect to the database.
Main connection [MySQLi]: Access denied for user '****'@'localhost' (using password: NO)
in SYSTEMPATH/Database/BaseConnection.php on line 427.
 1 SYSTEMPATH/Database/BaseConnection.php(573): CodeIgniter\Database\BaseConnection->initialize()
 2 SYSTEMPATH/Database/BaseBuilder.php(1616): CodeIgniter\Database\BaseConnection->query('SELECT *
FROM `cwnupcs`
WHERE `pk` = :pk:
ORDER BY `update`', [...], false)
 3 APPPATH/Controllers/CwnupcController.php(21): CodeIgniter\Database\BaseBuilder->get()
 4 SYSTEMPATH/CodeIgniter.php(934): App\Controllers\CwnupcController->index()
 5 SYSTEMPATH/CodeIgniter.php(499): CodeIgniter\CodeIgniter->runController(Object(App\Controllers\CwnupcController))
 6 SYSTEMPATH/CodeIgniter.php(368): CodeIgniter\CodeIgniter->handleRequest(null, Object(Config\Cache), false)
 7 FCPATH/index.php(67): CodeIgniter\CodeIgniter->run()
INFO - 2024-10-09 00:06:27 --> Session: Class initialized using 'CodeIgniter\Session\Handlers\FileHandler' driver.
ERROR - 2024-10-09 00:06:27 --> Error connecting to the database: mysqli_sql_exception: Access denied for user 'rncpzrjh_hm'@'localhost' (using password: NO) in /Applications/MAMP/htdocs/ws/myapp/system/Database/MySQLi/Connection.php:173
Stack trace:
#0 /Applications/MAMP/htdocs/ws/myapp/system/Database/MySQLi/Connection.php(173): mysqli->real_connect('localhost', 'rncpzrjh_hm', Object(SensitiveParameterValue), 'rncpzrjh_hm', 3306, '', 0)
#1 /Applications/MAMP/htdocs/ws/myapp/system/Database/BaseConnection.php(391): CodeIgniter\Database\MySQLi\Connection->connect(false)
#2 /Applications/MAMP/htdocs/ws/myapp/system/Database/BaseConnection.php(573): CodeIgniter\Database\BaseConnection->initialize()
#3 /Applications/MAMP/htdocs/ws/myapp/system/Database/BaseBuilder.php(1616): CodeIgniter\Database\BaseConnection->query('SELECT *\nFROM `...', Array, false)
#4 /Applications/MAMP/htdocs/ws/myapp/app/Controllers/CwnupcController.php(21): CodeIgniter\Database\BaseBuilder->get()
#5 /Applications/MAMP/htdocs/ws/myapp/system/CodeIgniter.php(934): App\Controllers\CwnupcController->index()
#6 /Applications/MAMP/htdocs/ws/myapp/system/CodeIgniter.php(499): CodeIgniter\CodeIgniter->runController(Object(App\Controllers\CwnupcController))
#7 /Applications/MAMP/htdocs/ws/myapp/system/CodeIgniter.php(368): CodeIgniter\CodeIgniter->handleRequest(NULL, Object(Config\Cache), false)
#8 /Applications/MAMP/htdocs/ws/index.php(67): CodeIgniter\CodeIgniter->run()
#9 {main}

Next CodeIgniter\Database\Exceptions\DatabaseException: Access denied for user '****'@'localhost' (using password: NO) in /Applications/MAMP/htdocs/ws/myapp/system/Database/MySQLi/Connection.php:218
Stack trace:
#0 /Applications/MAMP/htdocs/ws/myapp/system/Database/BaseConnection.php(391): CodeIgniter\Database\MySQLi\Connection->connect(false)
#1 /Applications/MAMP/htdocs/ws/myapp/system/Database/BaseConnection.php(573): CodeIgniter\Database\BaseConnection->initialize()
#2 /Applications/MAMP/htdocs/ws/myapp/system/Database/BaseBuilder.php(1616): CodeIgniter\Database\BaseConnection->query('SELECT *\nFROM `...', Array, false)
#3 /Applications/MAMP/htdocs/ws/myapp/app/Controllers/CwnupcController.php(21): CodeIgniter\Database\BaseBuilder->get()
#4 /Applications/MAMP/htdocs/ws/myapp/system/CodeIgniter.php(934): App\Controllers\CwnupcController->index()
#5 /Applications/MAMP/htdocs/ws/myapp/system/CodeIgniter.php(499): CodeIgniter\CodeIgniter->runController(Object(App\Controllers\CwnupcController))
#6 /Applications/MAMP/htdocs/ws/myapp/system/CodeIgniter.php(368): CodeIgniter\CodeIgniter->handleRequest(NULL, Object(Config\Cache), false)
#7 /Applications/MAMP/htdocs/ws/index.php(67): CodeIgniter\CodeIgniter->run()
#8 {main}
CRITICAL - 2024-10-09 00:06:27 --> Unable to connect to the database.
Main connection [MySQLi]: Access denied for user '****'@'localhost' (using password: NO)
in SYSTEMPATH/Database/BaseConnection.php on line 427.
 1 SYSTEMPATH/Database/BaseConnection.php(573): CodeIgniter\Database\BaseConnection->initialize()
 2 SYSTEMPATH/Database/BaseBuilder.php(1616): CodeIgniter\Database\BaseConnection->query('SELECT *
FROM `cwnupcs`
WHERE `pk` = :pk:
ORDER BY `update`', [...], false)
 3 APPPATH/Controllers/CwnupcController.php(21): CodeIgniter\Database\BaseBuilder->get()
 4 SYSTEMPATH/CodeIgniter.php(934): App\Controllers\CwnupcController->index()
 5 SYSTEMPATH/CodeIgniter.php(499): CodeIgniter\CodeIgniter->runController(Object(App\Controllers\CwnupcController))
 6 SYSTEMPATH/CodeIgniter.php(368): CodeIgniter\CodeIgniter->handleRequest(null, Object(Config\Cache), false)
 7 FCPATH/index.php(67): CodeIgniter\CodeIgniter->run()
INFO - 2024-10-09 00:07:01 --> Session: Class initialized using 'CodeIgniter\Session\Handlers\FileHandler' driver.
INFO - 2024-10-09 00:07:38 --> Session: Class initialized using 'CodeIgniter\Session\Handlers\FileHandler' driver.
INFO - 2024-10-09 00:08:05 --> Session: Class initialized using 'CodeIgniter\Session\Handlers\FileHandler' driver.
INFO - 2024-10-09 00:08:08 --> Session: Class initialized using 'CodeIgniter\Session\Handlers\FileHandler' driver.
INFO - 2024-10-09 00:08:12 --> Session: Class initialized using 'CodeIgniter\Session\Handlers\FileHandler' driver.
INFO - 2024-10-09 00:08:17 --> Session: Class initialized using 'CodeIgniter\Session\Handlers\FileHandler' driver.
INFO - 2024-10-09 00:08:17 --> Session: Class initialized using 'CodeIgniter\Session\Handlers\FileHandler' driver.
INFO - 2024-10-09 00:08:33 --> Session: Class initialized using 'CodeIgniter\Session\Handlers\FileHandler' driver.
INFO - 2024-10-09 00:09:32 --> Session: Class initialized using 'CodeIgniter\Session\Handlers\FileHandler' driver.
INFO - 2024-10-09 00:09:57 --> Session: Class initialized using 'CodeIgniter\Session\Handlers\FileHandler' driver.
INFO - 2024-10-09 00:12:35 --> Session: Class initialized using 'CodeIgniter\Session\Handlers\FileHandler' driver.
INFO - 2024-10-09 00:12:37 --> Session: Class initialized using 'CodeIgniter\Session\Handlers\FileHandler' driver.
INFO - 2024-10-09 00:12:48 --> Session: Class initialized using 'CodeIgniter\Session\Handlers\FileHandler' driver.
INFO - 2024-10-09 00:17:45 --> Session: Class initialized using 'CodeIgniter\Session\Handlers\FileHandler' driver.
INFO - 2024-10-09 00:21:26 --> Session: Class initialized using 'CodeIgniter\Session\Handlers\FileHandler' driver.
