CRITICAL - 2024-07-10 16:25:50 --> Undefined array key 0
in APPPATH/Views/cwnu/isu.php on line 91.
 1 APPPATH/Views/cwnu/isu.php(91): CodeIgniter\Debug\Exceptions->errorHandler()
 2 SYSTEMPATH/View/View.php(213): include('APPPATH/Views/cwnu/isu.php')
 3 SYSTEMPATH/View/View.php(216): CodeIgniter\View\View->CodeIgniter\View\{closure}()
 4 SYSTEMPATH/Common.php(1184): CodeIgniter\View\View->render()
 5 APPPATH/Controllers/CwnuController.php(220): view()
 6 SYSTEMPATH/CodeIgniter.php(934): App\Controllers\CwnuController->isu()
 7 SYSTEMPATH/CodeIgniter.php(499): CodeIgniter\CodeIgniter->runController()
 8 SYSTEMPATH/CodeIgniter.php(368): CodeIgniter\CodeIgniter->handleRequest()
 9 FCPATH/index.php(67): CodeIgniter\CodeIgniter->run()
CRITICAL - 2024-07-10 16:50:58 --> Undefined array key 0
in APPPATH/Views/cwnu/isu.php on line 91.
 1 APPPATH/Views/cwnu/isu.php(91): CodeIgniter\Debug\Exceptions->errorHandler()
 2 SYSTEMPATH/View/View.php(213): include('APPPATH/Views/cwnu/isu.php')
 3 SYSTEMPATH/View/View.php(216): CodeIgniter\View\View->CodeIgniter\View\{closure}()
 4 SYSTEMPATH/Common.php(1184): CodeIgniter\View\View->render()
 5 APPPATH/Controllers/CwnuController.php(220): view()
 6 SYSTEMPATH/CodeIgniter.php(934): App\Controllers\CwnuController->isu()
 7 SYSTEMPATH/CodeIgniter.php(499): CodeIgniter\CodeIgniter->runController()
 8 SYSTEMPATH/CodeIgniter.php(368): CodeIgniter\CodeIgniter->handleRequest()
 9 FCPATH/index.php(67): CodeIgniter\CodeIgniter->run()
