CRITICAL - 2024-05-04 03:28:06 --> Invalid file: "nallowed.php"
in SYSTEMPATH/Exceptions/FrameworkException.php on line 33.
 1 SYSTEMPATH/View/View.php(201): CodeIgniter\Exceptions\FrameworkException::forInvalidFile()
 2 SYSTEMPATH/Common.php(1184): CodeIgniter\View\View->render()
 3 APPPATH/Controllers/CwnupcController.php(176): view()
 4 SYSTEMPATH/CodeIgniter.php(934): App\Controllers\CwnupcController->add()
 5 SYSTEMPATH/CodeIgniter.php(499): CodeIgniter\CodeIgniter->runController()
 6 SYSTEMPATH/CodeIgniter.php(368): CodeIgniter\CodeIgniter->handleRequest()
 7 FCPATH/index.php(67): CodeIgniter\CodeIgniter->run()
CRITICAL - 2024-05-04 03:28:11 --> Invalid file: "nallowed.php"
in SYSTEMPATH/Exceptions/FrameworkException.php on line 33.
 1 SYSTEMPATH/View/View.php(201): CodeIgniter\Exceptions\FrameworkException::forInvalidFile()
 2 SYSTEMPATH/Common.php(1184): CodeIgniter\View\View->render()
 3 APPPATH/Controllers/CwnupcController.php(176): view()
 4 SYSTEMPATH/CodeIgniter.php(934): App\Controllers\CwnupcController->add()
 5 SYSTEMPATH/CodeIgniter.php(499): CodeIgniter\CodeIgniter->runController()
 6 SYSTEMPATH/CodeIgniter.php(368): CodeIgniter\CodeIgniter->handleRequest()
 7 FCPATH/index.php(67): CodeIgniter\CodeIgniter->run()
ERROR - 2024-05-04 23:54:46 --> mysqli_sql_exception: Unknown column 'batch' in 'field list' in /home/rncpzrjh/domains/hamidmahzon.com/public_html/myapp/system/Database/MySQLi/Connection.php:295
Stack trace:
#0 /home/rncpzrjh/domains/hamidmahzon.com/public_html/myapp/system/Database/MySQLi/Connection.php(295): mysqli->query()
#1 /home/rncpzrjh/domains/hamidmahzon.com/public_html/myapp/system/Database/BaseConnection.php(691): CodeIgniter\Database\MySQLi\Connection->execute()
#2 /home/rncpzrjh/domains/hamidmahzon.com/public_html/myapp/system/Database/BaseConnection.php(605): CodeIgniter\Database\BaseConnection->simpleQuery()
#3 /home/rncpzrjh/domains/hamidmahzon.com/public_html/myapp/system/Database/BaseBuilder.php(1616): CodeIgniter\Database\BaseConnection->query()
#4 /home/rncpzrjh/domains/hamidmahzon.com/public_html/myapp/app/Controllers/CwnupcController.php(170): CodeIgniter\Database\BaseBuilder->get()
#5 /home/rncpzrjh/domains/hamidmahzon.com/public_html/myapp/system/CodeIgniter.php(934): App\Controllers\CwnupcController->add()
#6 /home/rncpzrjh/domains/hamidmahzon.com/public_html/myapp/system/CodeIgniter.php(499): CodeIgniter\CodeIgniter->runController()
#7 /home/rncpzrjh/domains/hamidmahzon.com/public_html/myapp/system/CodeIgniter.php(368): CodeIgniter\CodeIgniter->handleRequest()
#8 /home/rncpzrjh/domains/hamidmahzon.com/public_html/index.php(67): CodeIgniter\CodeIgniter->run()
#9 {main}
CRITICAL - 2024-05-04 23:54:46 --> Unknown column 'batch' in 'field list'
in SYSTEMPATH/Database/BaseConnection.php on line 645.
 1 SYSTEMPATH/Database/BaseBuilder.php(1616): CodeIgniter\Database\BaseConnection->query()
 2 APPPATH/Controllers/CwnupcController.php(170): CodeIgniter\Database\BaseBuilder->get()
 3 SYSTEMPATH/CodeIgniter.php(934): App\Controllers\CwnupcController->add()
 4 SYSTEMPATH/CodeIgniter.php(499): CodeIgniter\CodeIgniter->runController()
 5 SYSTEMPATH/CodeIgniter.php(368): CodeIgniter\CodeIgniter->handleRequest()
 6 FCPATH/index.php(67): CodeIgniter\CodeIgniter->run()
ERROR - 2024-05-04 23:55:00 --> mysqli_sql_exception: Unknown column 'batch' in 'field list' in /home/rncpzrjh/domains/hamidmahzon.com/public_html/myapp/system/Database/MySQLi/Connection.php:295
Stack trace:
#0 /home/rncpzrjh/domains/hamidmahzon.com/public_html/myapp/system/Database/MySQLi/Connection.php(295): mysqli->query()
#1 /home/rncpzrjh/domains/hamidmahzon.com/public_html/myapp/system/Database/BaseConnection.php(691): CodeIgniter\Database\MySQLi\Connection->execute()
#2 /home/rncpzrjh/domains/hamidmahzon.com/public_html/myapp/system/Database/BaseConnection.php(605): CodeIgniter\Database\BaseConnection->simpleQuery()
#3 /home/rncpzrjh/domains/hamidmahzon.com/public_html/myapp/system/Database/BaseBuilder.php(1616): CodeIgniter\Database\BaseConnection->query()
#4 /home/rncpzrjh/domains/hamidmahzon.com/public_html/myapp/app/Controllers/CwnupcController.php(170): CodeIgniter\Database\BaseBuilder->get()
#5 /home/rncpzrjh/domains/hamidmahzon.com/public_html/myapp/system/CodeIgniter.php(934): App\Controllers\CwnupcController->add()
#6 /home/rncpzrjh/domains/hamidmahzon.com/public_html/myapp/system/CodeIgniter.php(499): CodeIgniter\CodeIgniter->runController()
#7 /home/rncpzrjh/domains/hamidmahzon.com/public_html/myapp/system/CodeIgniter.php(368): CodeIgniter\CodeIgniter->handleRequest()
#8 /home/rncpzrjh/domains/hamidmahzon.com/public_html/index.php(67): CodeIgniter\CodeIgniter->run()
#9 {main}
CRITICAL - 2024-05-04 23:55:00 --> Unknown column 'batch' in 'field list'
in SYSTEMPATH/Database/BaseConnection.php on line 645.
 1 SYSTEMPATH/Database/BaseBuilder.php(1616): CodeIgniter\Database\BaseConnection->query()
 2 APPPATH/Controllers/CwnupcController.php(170): CodeIgniter\Database\BaseBuilder->get()
 3 SYSTEMPATH/CodeIgniter.php(934): App\Controllers\CwnupcController->add()
 4 SYSTEMPATH/CodeIgniter.php(499): CodeIgniter\CodeIgniter->runController()
 5 SYSTEMPATH/CodeIgniter.php(368): CodeIgniter\CodeIgniter->handleRequest()
 6 FCPATH/index.php(67): CodeIgniter\CodeIgniter->run()
