ERROR - 2024-04-19 14:03:35 --> mysqli_sql_exception: Unknown column 'pk' in 'where clause' in /home/rncpzrjh/domains/hamidmahzon.com/public_html/myapp/system/Database/MySQLi/Connection.php:295
Stack trace:
#0 /home/rncpzrjh/domains/hamidmahzon.com/public_html/myapp/system/Database/MySQLi/Connection.php(295): mysqli->query()
#1 /home/rncpzrjh/domains/hamidmahzon.com/public_html/myapp/system/Database/BaseConnection.php(691): CodeIgniter\Database\MySQLi\Connection->execute()
#2 /home/rncpzrjh/domains/hamidmahzon.com/public_html/myapp/system/Database/BaseConnection.php(605): CodeIgniter\Database\BaseConnection->simpleQuery()
#3 /home/rncpzrjh/domains/hamidmahzon.com/public_html/myapp/system/Database/BaseBuilder.php(1616): CodeIgniter\Database\BaseConnection->query()
#4 /home/rncpzrjh/domains/hamidmahzon.com/public_html/myapp/app/Controllers/CwnupcController.php(21): CodeIgniter\Database\BaseBuilder->get()
#5 /home/rncpzrjh/domains/hamidmahzon.com/public_html/myapp/system/CodeIgniter.php(934): App\Controllers\CwnupcController->index()
#6 /home/rncpzrjh/domains/hamidmahzon.com/public_html/myapp/system/CodeIgniter.php(499): CodeIgniter\CodeIgniter->runController()
#7 /home/rncpzrjh/domains/hamidmahzon.com/public_html/myapp/system/CodeIgniter.php(368): CodeIgniter\CodeIgniter->handleRequest()
#8 /home/rncpzrjh/domains/hamidmahzon.com/public_html/index.php(67): CodeIgniter\CodeIgniter->run()
#9 {main}
CRITICAL - 2024-04-19 14:03:36 --> Unknown column 'pk' in 'where clause'
in SYSTEMPATH/Database/BaseConnection.php on line 645.
 1 SYSTEMPATH/Database/BaseBuilder.php(1616): CodeIgniter\Database\BaseConnection->query()
 2 APPPATH/Controllers/CwnupcController.php(21): CodeIgniter\Database\BaseBuilder->get()
 3 SYSTEMPATH/CodeIgniter.php(934): App\Controllers\CwnupcController->index()
 4 SYSTEMPATH/CodeIgniter.php(499): CodeIgniter\CodeIgniter->runController()
 5 SYSTEMPATH/CodeIgniter.php(368): CodeIgniter\CodeIgniter->handleRequest()
 6 FCPATH/index.php(67): CodeIgniter\CodeIgniter->run()
ERROR - 2024-04-19 14:03:38 --> mysqli_sql_exception: Unknown column 'pk' in 'where clause' in /home/rncpzrjh/domains/hamidmahzon.com/public_html/myapp/system/Database/MySQLi/Connection.php:295
Stack trace:
#0 /home/rncpzrjh/domains/hamidmahzon.com/public_html/myapp/system/Database/MySQLi/Connection.php(295): mysqli->query()
#1 /home/rncpzrjh/domains/hamidmahzon.com/public_html/myapp/system/Database/BaseConnection.php(691): CodeIgniter\Database\MySQLi\Connection->execute()
#2 /home/rncpzrjh/domains/hamidmahzon.com/public_html/myapp/system/Database/BaseConnection.php(605): CodeIgniter\Database\BaseConnection->simpleQuery()
#3 /home/rncpzrjh/domains/hamidmahzon.com/public_html/myapp/system/Database/BaseBuilder.php(1616): CodeIgniter\Database\BaseConnection->query()
#4 /home/rncpzrjh/domains/hamidmahzon.com/public_html/myapp/app/Controllers/CwnupcController.php(21): CodeIgniter\Database\BaseBuilder->get()
#5 /home/rncpzrjh/domains/hamidmahzon.com/public_html/myapp/system/CodeIgniter.php(934): App\Controllers\CwnupcController->index()
#6 /home/rncpzrjh/domains/hamidmahzon.com/public_html/myapp/system/CodeIgniter.php(499): CodeIgniter\CodeIgniter->runController()
#7 /home/rncpzrjh/domains/hamidmahzon.com/public_html/myapp/system/CodeIgniter.php(368): CodeIgniter\CodeIgniter->handleRequest()
#8 /home/rncpzrjh/domains/hamidmahzon.com/public_html/index.php(67): CodeIgniter\CodeIgniter->run()
#9 {main}
CRITICAL - 2024-04-19 14:03:39 --> Unknown column 'pk' in 'where clause'
in SYSTEMPATH/Database/BaseConnection.php on line 645.
 1 SYSTEMPATH/Database/BaseBuilder.php(1616): CodeIgniter\Database\BaseConnection->query()
 2 APPPATH/Controllers/CwnupcController.php(21): CodeIgniter\Database\BaseBuilder->get()
 3 SYSTEMPATH/CodeIgniter.php(934): App\Controllers\CwnupcController->index()
 4 SYSTEMPATH/CodeIgniter.php(499): CodeIgniter\CodeIgniter->runController()
 5 SYSTEMPATH/CodeIgniter.php(368): CodeIgniter\CodeIgniter->handleRequest()
 6 FCPATH/index.php(67): CodeIgniter\CodeIgniter->run()
ERROR - 2024-04-19 14:03:50 --> mysqli_sql_exception: Unknown column 'pk' in 'where clause' in /home/rncpzrjh/domains/hamidmahzon.com/public_html/myapp/system/Database/MySQLi/Connection.php:295
Stack trace:
#0 /home/rncpzrjh/domains/hamidmahzon.com/public_html/myapp/system/Database/MySQLi/Connection.php(295): mysqli->query()
#1 /home/rncpzrjh/domains/hamidmahzon.com/public_html/myapp/system/Database/BaseConnection.php(691): CodeIgniter\Database\MySQLi\Connection->execute()
#2 /home/rncpzrjh/domains/hamidmahzon.com/public_html/myapp/system/Database/BaseConnection.php(605): CodeIgniter\Database\BaseConnection->simpleQuery()
#3 /home/rncpzrjh/domains/hamidmahzon.com/public_html/myapp/system/Database/BaseBuilder.php(1616): CodeIgniter\Database\BaseConnection->query()
#4 /home/rncpzrjh/domains/hamidmahzon.com/public_html/myapp/app/Controllers/CwnupcController.php(21): CodeIgniter\Database\BaseBuilder->get()
#5 /home/rncpzrjh/domains/hamidmahzon.com/public_html/myapp/system/CodeIgniter.php(934): App\Controllers\CwnupcController->index()
#6 /home/rncpzrjh/domains/hamidmahzon.com/public_html/myapp/system/CodeIgniter.php(499): CodeIgniter\CodeIgniter->runController()
#7 /home/rncpzrjh/domains/hamidmahzon.com/public_html/myapp/system/CodeIgniter.php(368): CodeIgniter\CodeIgniter->handleRequest()
#8 /home/rncpzrjh/domains/hamidmahzon.com/public_html/index.php(67): CodeIgniter\CodeIgniter->run()
#9 {main}
CRITICAL - 2024-04-19 14:03:50 --> Unknown column 'pk' in 'where clause'
in SYSTEMPATH/Database/BaseConnection.php on line 645.
 1 SYSTEMPATH/Database/BaseBuilder.php(1616): CodeIgniter\Database\BaseConnection->query()
 2 APPPATH/Controllers/CwnupcController.php(21): CodeIgniter\Database\BaseBuilder->get()
 3 SYSTEMPATH/CodeIgniter.php(934): App\Controllers\CwnupcController->index()
 4 SYSTEMPATH/CodeIgniter.php(499): CodeIgniter\CodeIgniter->runController()
 5 SYSTEMPATH/CodeIgniter.php(368): CodeIgniter\CodeIgniter->handleRequest()
 6 FCPATH/index.php(67): CodeIgniter\CodeIgniter->run()
ERROR - 2024-04-19 14:03:55 --> mysqli_sql_exception: Unknown column 'pk' in 'where clause' in /home/rncpzrjh/domains/hamidmahzon.com/public_html/myapp/system/Database/MySQLi/Connection.php:295
Stack trace:
#0 /home/rncpzrjh/domains/hamidmahzon.com/public_html/myapp/system/Database/MySQLi/Connection.php(295): mysqli->query()
#1 /home/rncpzrjh/domains/hamidmahzon.com/public_html/myapp/system/Database/BaseConnection.php(691): CodeIgniter\Database\MySQLi\Connection->execute()
#2 /home/rncpzrjh/domains/hamidmahzon.com/public_html/myapp/system/Database/BaseConnection.php(605): CodeIgniter\Database\BaseConnection->simpleQuery()
#3 /home/rncpzrjh/domains/hamidmahzon.com/public_html/myapp/system/Database/BaseBuilder.php(1616): CodeIgniter\Database\BaseConnection->query()
#4 /home/rncpzrjh/domains/hamidmahzon.com/public_html/myapp/app/Controllers/CwnupcController.php(21): CodeIgniter\Database\BaseBuilder->get()
#5 /home/rncpzrjh/domains/hamidmahzon.com/public_html/myapp/system/CodeIgniter.php(934): App\Controllers\CwnupcController->index()
#6 /home/rncpzrjh/domains/hamidmahzon.com/public_html/myapp/system/CodeIgniter.php(499): CodeIgniter\CodeIgniter->runController()
#7 /home/rncpzrjh/domains/hamidmahzon.com/public_html/myapp/system/CodeIgniter.php(368): CodeIgniter\CodeIgniter->handleRequest()
#8 /home/rncpzrjh/domains/hamidmahzon.com/public_html/index.php(67): CodeIgniter\CodeIgniter->run()
#9 {main}
CRITICAL - 2024-04-19 14:03:55 --> Unknown column 'pk' in 'where clause'
in SYSTEMPATH/Database/BaseConnection.php on line 645.
 1 SYSTEMPATH/Database/BaseBuilder.php(1616): CodeIgniter\Database\BaseConnection->query()
 2 APPPATH/Controllers/CwnupcController.php(21): CodeIgniter\Database\BaseBuilder->get()
 3 SYSTEMPATH/CodeIgniter.php(934): App\Controllers\CwnupcController->index()
 4 SYSTEMPATH/CodeIgniter.php(499): CodeIgniter\CodeIgniter->runController()
 5 SYSTEMPATH/CodeIgniter.php(368): CodeIgniter\CodeIgniter->handleRequest()
 6 FCPATH/index.php(67): CodeIgniter\CodeIgniter->run()
ERROR - 2024-04-19 14:03:58 --> mysqli_sql_exception: Unknown column 'pk' in 'where clause' in /home/rncpzrjh/domains/hamidmahzon.com/public_html/myapp/system/Database/MySQLi/Connection.php:295
Stack trace:
#0 /home/rncpzrjh/domains/hamidmahzon.com/public_html/myapp/system/Database/MySQLi/Connection.php(295): mysqli->query()
#1 /home/rncpzrjh/domains/hamidmahzon.com/public_html/myapp/system/Database/BaseConnection.php(691): CodeIgniter\Database\MySQLi\Connection->execute()
#2 /home/rncpzrjh/domains/hamidmahzon.com/public_html/myapp/system/Database/BaseConnection.php(605): CodeIgniter\Database\BaseConnection->simpleQuery()
#3 /home/rncpzrjh/domains/hamidmahzon.com/public_html/myapp/system/Database/BaseBuilder.php(1616): CodeIgniter\Database\BaseConnection->query()
#4 /home/rncpzrjh/domains/hamidmahzon.com/public_html/myapp/app/Controllers/CwnupcController.php(21): CodeIgniter\Database\BaseBuilder->get()
#5 /home/rncpzrjh/domains/hamidmahzon.com/public_html/myapp/system/CodeIgniter.php(934): App\Controllers\CwnupcController->index()
#6 /home/rncpzrjh/domains/hamidmahzon.com/public_html/myapp/system/CodeIgniter.php(499): CodeIgniter\CodeIgniter->runController()
#7 /home/rncpzrjh/domains/hamidmahzon.com/public_html/myapp/system/CodeIgniter.php(368): CodeIgniter\CodeIgniter->handleRequest()
#8 /home/rncpzrjh/domains/hamidmahzon.com/public_html/index.php(67): CodeIgniter\CodeIgniter->run()
#9 {main}
CRITICAL - 2024-04-19 14:03:58 --> Unknown column 'pk' in 'where clause'
in SYSTEMPATH/Database/BaseConnection.php on line 645.
 1 SYSTEMPATH/Database/BaseBuilder.php(1616): CodeIgniter\Database\BaseConnection->query()
 2 APPPATH/Controllers/CwnupcController.php(21): CodeIgniter\Database\BaseBuilder->get()
 3 SYSTEMPATH/CodeIgniter.php(934): App\Controllers\CwnupcController->index()
 4 SYSTEMPATH/CodeIgniter.php(499): CodeIgniter\CodeIgniter->runController()
 5 SYSTEMPATH/CodeIgniter.php(368): CodeIgniter\CodeIgniter->handleRequest()
 6 FCPATH/index.php(67): CodeIgniter\CodeIgniter->run()
ERROR - 2024-04-19 14:03:58 --> mysqli_sql_exception: Unknown column 'pk' in 'where clause' in /home/rncpzrjh/domains/hamidmahzon.com/public_html/myapp/system/Database/MySQLi/Connection.php:295
Stack trace:
#0 /home/rncpzrjh/domains/hamidmahzon.com/public_html/myapp/system/Database/MySQLi/Connection.php(295): mysqli->query()
#1 /home/rncpzrjh/domains/hamidmahzon.com/public_html/myapp/system/Database/BaseConnection.php(691): CodeIgniter\Database\MySQLi\Connection->execute()
#2 /home/rncpzrjh/domains/hamidmahzon.com/public_html/myapp/system/Database/BaseConnection.php(605): CodeIgniter\Database\BaseConnection->simpleQuery()
#3 /home/rncpzrjh/domains/hamidmahzon.com/public_html/myapp/system/Database/BaseBuilder.php(1616): CodeIgniter\Database\BaseConnection->query()
#4 /home/rncpzrjh/domains/hamidmahzon.com/public_html/myapp/app/Controllers/CwnupcController.php(21): CodeIgniter\Database\BaseBuilder->get()
#5 /home/rncpzrjh/domains/hamidmahzon.com/public_html/myapp/system/CodeIgniter.php(934): App\Controllers\CwnupcController->index()
#6 /home/rncpzrjh/domains/hamidmahzon.com/public_html/myapp/system/CodeIgniter.php(499): CodeIgniter\CodeIgniter->runController()
#7 /home/rncpzrjh/domains/hamidmahzon.com/public_html/myapp/system/CodeIgniter.php(368): CodeIgniter\CodeIgniter->handleRequest()
#8 /home/rncpzrjh/domains/hamidmahzon.com/public_html/index.php(67): CodeIgniter\CodeIgniter->run()
#9 {main}
CRITICAL - 2024-04-19 14:03:58 --> Unknown column 'pk' in 'where clause'
in SYSTEMPATH/Database/BaseConnection.php on line 645.
 1 SYSTEMPATH/Database/BaseBuilder.php(1616): CodeIgniter\Database\BaseConnection->query()
 2 APPPATH/Controllers/CwnupcController.php(21): CodeIgniter\Database\BaseBuilder->get()
 3 SYSTEMPATH/CodeIgniter.php(934): App\Controllers\CwnupcController->index()
 4 SYSTEMPATH/CodeIgniter.php(499): CodeIgniter\CodeIgniter->runController()
 5 SYSTEMPATH/CodeIgniter.php(368): CodeIgniter\CodeIgniter->handleRequest()
 6 FCPATH/index.php(67): CodeIgniter\CodeIgniter->run()
ERROR - 2024-04-19 14:04:31 --> mysqli_sql_exception: Unknown column 'pk' in 'where clause' in /home/rncpzrjh/domains/hamidmahzon.com/public_html/myapp/system/Database/MySQLi/Connection.php:295
Stack trace:
#0 /home/rncpzrjh/domains/hamidmahzon.com/public_html/myapp/system/Database/MySQLi/Connection.php(295): mysqli->query()
#1 /home/rncpzrjh/domains/hamidmahzon.com/public_html/myapp/system/Database/BaseConnection.php(691): CodeIgniter\Database\MySQLi\Connection->execute()
#2 /home/rncpzrjh/domains/hamidmahzon.com/public_html/myapp/system/Database/BaseConnection.php(605): CodeIgniter\Database\BaseConnection->simpleQuery()
#3 /home/rncpzrjh/domains/hamidmahzon.com/public_html/myapp/system/Database/BaseBuilder.php(1616): CodeIgniter\Database\BaseConnection->query()
#4 /home/rncpzrjh/domains/hamidmahzon.com/public_html/myapp/app/Controllers/CwnupcController.php(21): CodeIgniter\Database\BaseBuilder->get()
#5 /home/rncpzrjh/domains/hamidmahzon.com/public_html/myapp/system/CodeIgniter.php(934): App\Controllers\CwnupcController->index()
#6 /home/rncpzrjh/domains/hamidmahzon.com/public_html/myapp/system/CodeIgniter.php(499): CodeIgniter\CodeIgniter->runController()
#7 /home/rncpzrjh/domains/hamidmahzon.com/public_html/myapp/system/CodeIgniter.php(368): CodeIgniter\CodeIgniter->handleRequest()
#8 /home/rncpzrjh/domains/hamidmahzon.com/public_html/index.php(67): CodeIgniter\CodeIgniter->run()
#9 {main}
CRITICAL - 2024-04-19 14:04:31 --> Unknown column 'pk' in 'where clause'
in SYSTEMPATH/Database/BaseConnection.php on line 645.
 1 SYSTEMPATH/Database/BaseBuilder.php(1616): CodeIgniter\Database\BaseConnection->query()
 2 APPPATH/Controllers/CwnupcController.php(21): CodeIgniter\Database\BaseBuilder->get()
 3 SYSTEMPATH/CodeIgniter.php(934): App\Controllers\CwnupcController->index()
 4 SYSTEMPATH/CodeIgniter.php(499): CodeIgniter\CodeIgniter->runController()
 5 SYSTEMPATH/CodeIgniter.php(368): CodeIgniter\CodeIgniter->handleRequest()
 6 FCPATH/index.php(67): CodeIgniter\CodeIgniter->run()
ERROR - 2024-04-19 14:04:36 --> mysqli_sql_exception: Unknown column 'pk' in 'where clause' in /home/rncpzrjh/domains/hamidmahzon.com/public_html/myapp/system/Database/MySQLi/Connection.php:295
Stack trace:
#0 /home/rncpzrjh/domains/hamidmahzon.com/public_html/myapp/system/Database/MySQLi/Connection.php(295): mysqli->query()
#1 /home/rncpzrjh/domains/hamidmahzon.com/public_html/myapp/system/Database/BaseConnection.php(691): CodeIgniter\Database\MySQLi\Connection->execute()
#2 /home/rncpzrjh/domains/hamidmahzon.com/public_html/myapp/system/Database/BaseConnection.php(605): CodeIgniter\Database\BaseConnection->simpleQuery()
#3 /home/rncpzrjh/domains/hamidmahzon.com/public_html/myapp/system/Database/BaseBuilder.php(1616): CodeIgniter\Database\BaseConnection->query()
#4 /home/rncpzrjh/domains/hamidmahzon.com/public_html/myapp/app/Controllers/CwnupcController.php(21): CodeIgniter\Database\BaseBuilder->get()
#5 /home/rncpzrjh/domains/hamidmahzon.com/public_html/myapp/system/CodeIgniter.php(934): App\Controllers\CwnupcController->index()
#6 /home/rncpzrjh/domains/hamidmahzon.com/public_html/myapp/system/CodeIgniter.php(499): CodeIgniter\CodeIgniter->runController()
#7 /home/rncpzrjh/domains/hamidmahzon.com/public_html/myapp/system/CodeIgniter.php(368): CodeIgniter\CodeIgniter->handleRequest()
#8 /home/rncpzrjh/domains/hamidmahzon.com/public_html/index.php(67): CodeIgniter\CodeIgniter->run()
#9 {main}
CRITICAL - 2024-04-19 14:04:36 --> Unknown column 'pk' in 'where clause'
in SYSTEMPATH/Database/BaseConnection.php on line 645.
 1 SYSTEMPATH/Database/BaseBuilder.php(1616): CodeIgniter\Database\BaseConnection->query()
 2 APPPATH/Controllers/CwnupcController.php(21): CodeIgniter\Database\BaseBuilder->get()
 3 SYSTEMPATH/CodeIgniter.php(934): App\Controllers\CwnupcController->index()
 4 SYSTEMPATH/CodeIgniter.php(499): CodeIgniter\CodeIgniter->runController()
 5 SYSTEMPATH/CodeIgniter.php(368): CodeIgniter\CodeIgniter->handleRequest()
 6 FCPATH/index.php(67): CodeIgniter\CodeIgniter->run()
ERROR - 2024-04-19 14:04:54 --> mysqli_sql_exception: Unknown column 'pk' in 'where clause' in /home/rncpzrjh/domains/hamidmahzon.com/public_html/myapp/system/Database/MySQLi/Connection.php:295
Stack trace:
#0 /home/rncpzrjh/domains/hamidmahzon.com/public_html/myapp/system/Database/MySQLi/Connection.php(295): mysqli->query()
#1 /home/rncpzrjh/domains/hamidmahzon.com/public_html/myapp/system/Database/BaseConnection.php(691): CodeIgniter\Database\MySQLi\Connection->execute()
#2 /home/rncpzrjh/domains/hamidmahzon.com/public_html/myapp/system/Database/BaseConnection.php(605): CodeIgniter\Database\BaseConnection->simpleQuery()
#3 /home/rncpzrjh/domains/hamidmahzon.com/public_html/myapp/system/Database/BaseBuilder.php(1616): CodeIgniter\Database\BaseConnection->query()
#4 /home/rncpzrjh/domains/hamidmahzon.com/public_html/myapp/app/Controllers/CwnupcController.php(21): CodeIgniter\Database\BaseBuilder->get()
#5 /home/rncpzrjh/domains/hamidmahzon.com/public_html/myapp/system/CodeIgniter.php(934): App\Controllers\CwnupcController->index()
#6 /home/rncpzrjh/domains/hamidmahzon.com/public_html/myapp/system/CodeIgniter.php(499): CodeIgniter\CodeIgniter->runController()
#7 /home/rncpzrjh/domains/hamidmahzon.com/public_html/myapp/system/CodeIgniter.php(368): CodeIgniter\CodeIgniter->handleRequest()
#8 /home/rncpzrjh/domains/hamidmahzon.com/public_html/index.php(67): CodeIgniter\CodeIgniter->run()
#9 {main}
CRITICAL - 2024-04-19 14:04:54 --> Unknown column 'pk' in 'where clause'
in SYSTEMPATH/Database/BaseConnection.php on line 645.
 1 SYSTEMPATH/Database/BaseBuilder.php(1616): CodeIgniter\Database\BaseConnection->query()
 2 APPPATH/Controllers/CwnupcController.php(21): CodeIgniter\Database\BaseBuilder->get()
 3 SYSTEMPATH/CodeIgniter.php(934): App\Controllers\CwnupcController->index()
 4 SYSTEMPATH/CodeIgniter.php(499): CodeIgniter\CodeIgniter->runController()
 5 SYSTEMPATH/CodeIgniter.php(368): CodeIgniter\CodeIgniter->handleRequest()
 6 FCPATH/index.php(67): CodeIgniter\CodeIgniter->run()
ERROR - 2024-04-19 14:05:47 --> mysqli_sql_exception: Unknown column 'pk' in 'where clause' in /home/rncpzrjh/domains/hamidmahzon.com/public_html/myapp/system/Database/MySQLi/Connection.php:295
Stack trace:
#0 /home/rncpzrjh/domains/hamidmahzon.com/public_html/myapp/system/Database/MySQLi/Connection.php(295): mysqli->query()
#1 /home/rncpzrjh/domains/hamidmahzon.com/public_html/myapp/system/Database/BaseConnection.php(691): CodeIgniter\Database\MySQLi\Connection->execute()
#2 /home/rncpzrjh/domains/hamidmahzon.com/public_html/myapp/system/Database/BaseConnection.php(605): CodeIgniter\Database\BaseConnection->simpleQuery()
#3 /home/rncpzrjh/domains/hamidmahzon.com/public_html/myapp/system/Database/BaseBuilder.php(1616): CodeIgniter\Database\BaseConnection->query()
#4 /home/rncpzrjh/domains/hamidmahzon.com/public_html/myapp/app/Controllers/CwnupcController.php(21): CodeIgniter\Database\BaseBuilder->get()
#5 /home/rncpzrjh/domains/hamidmahzon.com/public_html/myapp/system/CodeIgniter.php(934): App\Controllers\CwnupcController->index()
#6 /home/rncpzrjh/domains/hamidmahzon.com/public_html/myapp/system/CodeIgniter.php(499): CodeIgniter\CodeIgniter->runController()
#7 /home/rncpzrjh/domains/hamidmahzon.com/public_html/myapp/system/CodeIgniter.php(368): CodeIgniter\CodeIgniter->handleRequest()
#8 /home/rncpzrjh/domains/hamidmahzon.com/public_html/index.php(67): CodeIgniter\CodeIgniter->run()
#9 {main}
CRITICAL - 2024-04-19 14:05:47 --> Unknown column 'pk' in 'where clause'
in SYSTEMPATH/Database/BaseConnection.php on line 645.
 1 SYSTEMPATH/Database/BaseBuilder.php(1616): CodeIgniter\Database\BaseConnection->query()
 2 APPPATH/Controllers/CwnupcController.php(21): CodeIgniter\Database\BaseBuilder->get()
 3 SYSTEMPATH/CodeIgniter.php(934): App\Controllers\CwnupcController->index()
 4 SYSTEMPATH/CodeIgniter.php(499): CodeIgniter\CodeIgniter->runController()
 5 SYSTEMPATH/CodeIgniter.php(368): CodeIgniter\CodeIgniter->handleRequest()
 6 FCPATH/index.php(67): CodeIgniter\CodeIgniter->run()
ERROR - 2024-04-19 14:05:51 --> mysqli_sql_exception: Unknown column 'pk' in 'where clause' in /home/rncpzrjh/domains/hamidmahzon.com/public_html/myapp/system/Database/MySQLi/Connection.php:295
Stack trace:
#0 /home/rncpzrjh/domains/hamidmahzon.com/public_html/myapp/system/Database/MySQLi/Connection.php(295): mysqli->query()
#1 /home/rncpzrjh/domains/hamidmahzon.com/public_html/myapp/system/Database/BaseConnection.php(691): CodeIgniter\Database\MySQLi\Connection->execute()
#2 /home/rncpzrjh/domains/hamidmahzon.com/public_html/myapp/system/Database/BaseConnection.php(605): CodeIgniter\Database\BaseConnection->simpleQuery()
#3 /home/rncpzrjh/domains/hamidmahzon.com/public_html/myapp/system/Database/BaseBuilder.php(1616): CodeIgniter\Database\BaseConnection->query()
#4 /home/rncpzrjh/domains/hamidmahzon.com/public_html/myapp/app/Controllers/CwnupcController.php(21): CodeIgniter\Database\BaseBuilder->get()
#5 /home/rncpzrjh/domains/hamidmahzon.com/public_html/myapp/system/CodeIgniter.php(934): App\Controllers\CwnupcController->index()
#6 /home/rncpzrjh/domains/hamidmahzon.com/public_html/myapp/system/CodeIgniter.php(499): CodeIgniter\CodeIgniter->runController()
#7 /home/rncpzrjh/domains/hamidmahzon.com/public_html/myapp/system/CodeIgniter.php(368): CodeIgniter\CodeIgniter->handleRequest()
#8 /home/rncpzrjh/domains/hamidmahzon.com/public_html/index.php(67): CodeIgniter\CodeIgniter->run()
#9 {main}
CRITICAL - 2024-04-19 14:05:51 --> Unknown column 'pk' in 'where clause'
in SYSTEMPATH/Database/BaseConnection.php on line 645.
 1 SYSTEMPATH/Database/BaseBuilder.php(1616): CodeIgniter\Database\BaseConnection->query()
 2 APPPATH/Controllers/CwnupcController.php(21): CodeIgniter\Database\BaseBuilder->get()
 3 SYSTEMPATH/CodeIgniter.php(934): App\Controllers\CwnupcController->index()
 4 SYSTEMPATH/CodeIgniter.php(499): CodeIgniter\CodeIgniter->runController()
 5 SYSTEMPATH/CodeIgniter.php(368): CodeIgniter\CodeIgniter->handleRequest()
 6 FCPATH/index.php(67): CodeIgniter\CodeIgniter->run()
ERROR - 2024-04-19 14:05:59 --> mysqli_sql_exception: Unknown column 'pk' in 'where clause' in /home/rncpzrjh/domains/hamidmahzon.com/public_html/myapp/system/Database/MySQLi/Connection.php:295
Stack trace:
#0 /home/rncpzrjh/domains/hamidmahzon.com/public_html/myapp/system/Database/MySQLi/Connection.php(295): mysqli->query()
#1 /home/rncpzrjh/domains/hamidmahzon.com/public_html/myapp/system/Database/BaseConnection.php(691): CodeIgniter\Database\MySQLi\Connection->execute()
#2 /home/rncpzrjh/domains/hamidmahzon.com/public_html/myapp/system/Database/BaseConnection.php(605): CodeIgniter\Database\BaseConnection->simpleQuery()
#3 /home/rncpzrjh/domains/hamidmahzon.com/public_html/myapp/system/Database/BaseBuilder.php(1616): CodeIgniter\Database\BaseConnection->query()
#4 /home/rncpzrjh/domains/hamidmahzon.com/public_html/myapp/app/Controllers/CwnupcController.php(21): CodeIgniter\Database\BaseBuilder->get()
#5 /home/rncpzrjh/domains/hamidmahzon.com/public_html/myapp/system/CodeIgniter.php(934): App\Controllers\CwnupcController->index()
#6 /home/rncpzrjh/domains/hamidmahzon.com/public_html/myapp/system/CodeIgniter.php(499): CodeIgniter\CodeIgniter->runController()
#7 /home/rncpzrjh/domains/hamidmahzon.com/public_html/myapp/system/CodeIgniter.php(368): CodeIgniter\CodeIgniter->handleRequest()
#8 /home/rncpzrjh/domains/hamidmahzon.com/public_html/index.php(67): CodeIgniter\CodeIgniter->run()
#9 {main}
CRITICAL - 2024-04-19 14:05:59 --> Unknown column 'pk' in 'where clause'
in SYSTEMPATH/Database/BaseConnection.php on line 645.
 1 SYSTEMPATH/Database/BaseBuilder.php(1616): CodeIgniter\Database\BaseConnection->query()
 2 APPPATH/Controllers/CwnupcController.php(21): CodeIgniter\Database\BaseBuilder->get()
 3 SYSTEMPATH/CodeIgniter.php(934): App\Controllers\CwnupcController->index()
 4 SYSTEMPATH/CodeIgniter.php(499): CodeIgniter\CodeIgniter->runController()
 5 SYSTEMPATH/CodeIgniter.php(368): CodeIgniter\CodeIgniter->handleRequest()
 6 FCPATH/index.php(67): CodeIgniter\CodeIgniter->run()
ERROR - 2024-04-19 14:06:05 --> mysqli_sql_exception: Unknown column 'pk' in 'where clause' in /home/rncpzrjh/domains/hamidmahzon.com/public_html/myapp/system/Database/MySQLi/Connection.php:295
Stack trace:
#0 /home/rncpzrjh/domains/hamidmahzon.com/public_html/myapp/system/Database/MySQLi/Connection.php(295): mysqli->query()
#1 /home/rncpzrjh/domains/hamidmahzon.com/public_html/myapp/system/Database/BaseConnection.php(691): CodeIgniter\Database\MySQLi\Connection->execute()
#2 /home/rncpzrjh/domains/hamidmahzon.com/public_html/myapp/system/Database/BaseConnection.php(605): CodeIgniter\Database\BaseConnection->simpleQuery()
#3 /home/rncpzrjh/domains/hamidmahzon.com/public_html/myapp/system/Database/BaseBuilder.php(1616): CodeIgniter\Database\BaseConnection->query()
#4 /home/rncpzrjh/domains/hamidmahzon.com/public_html/myapp/app/Controllers/CwnupcController.php(21): CodeIgniter\Database\BaseBuilder->get()
#5 /home/rncpzrjh/domains/hamidmahzon.com/public_html/myapp/system/CodeIgniter.php(934): App\Controllers\CwnupcController->index()
#6 /home/rncpzrjh/domains/hamidmahzon.com/public_html/myapp/system/CodeIgniter.php(499): CodeIgniter\CodeIgniter->runController()
#7 /home/rncpzrjh/domains/hamidmahzon.com/public_html/myapp/system/CodeIgniter.php(368): CodeIgniter\CodeIgniter->handleRequest()
#8 /home/rncpzrjh/domains/hamidmahzon.com/public_html/index.php(67): CodeIgniter\CodeIgniter->run()
#9 {main}
CRITICAL - 2024-04-19 14:06:05 --> Unknown column 'pk' in 'where clause'
in SYSTEMPATH/Database/BaseConnection.php on line 645.
 1 SYSTEMPATH/Database/BaseBuilder.php(1616): CodeIgniter\Database\BaseConnection->query()
 2 APPPATH/Controllers/CwnupcController.php(21): CodeIgniter\Database\BaseBuilder->get()
 3 SYSTEMPATH/CodeIgniter.php(934): App\Controllers\CwnupcController->index()
 4 SYSTEMPATH/CodeIgniter.php(499): CodeIgniter\CodeIgniter->runController()
 5 SYSTEMPATH/CodeIgniter.php(368): CodeIgniter\CodeIgniter->handleRequest()
 6 FCPATH/index.php(67): CodeIgniter\CodeIgniter->run()
ERROR - 2024-04-19 14:06:08 --> mysqli_sql_exception: Unknown column 'pk' in 'where clause' in /home/rncpzrjh/domains/hamidmahzon.com/public_html/myapp/system/Database/MySQLi/Connection.php:295
Stack trace:
#0 /home/rncpzrjh/domains/hamidmahzon.com/public_html/myapp/system/Database/MySQLi/Connection.php(295): mysqli->query()
#1 /home/rncpzrjh/domains/hamidmahzon.com/public_html/myapp/system/Database/BaseConnection.php(691): CodeIgniter\Database\MySQLi\Connection->execute()
#2 /home/rncpzrjh/domains/hamidmahzon.com/public_html/myapp/system/Database/BaseConnection.php(605): CodeIgniter\Database\BaseConnection->simpleQuery()
#3 /home/rncpzrjh/domains/hamidmahzon.com/public_html/myapp/system/Database/BaseBuilder.php(1616): CodeIgniter\Database\BaseConnection->query()
#4 /home/rncpzrjh/domains/hamidmahzon.com/public_html/myapp/app/Controllers/CwnupcController.php(21): CodeIgniter\Database\BaseBuilder->get()
#5 /home/rncpzrjh/domains/hamidmahzon.com/public_html/myapp/system/CodeIgniter.php(934): App\Controllers\CwnupcController->index()
#6 /home/rncpzrjh/domains/hamidmahzon.com/public_html/myapp/system/CodeIgniter.php(499): CodeIgniter\CodeIgniter->runController()
#7 /home/rncpzrjh/domains/hamidmahzon.com/public_html/myapp/system/CodeIgniter.php(368): CodeIgniter\CodeIgniter->handleRequest()
#8 /home/rncpzrjh/domains/hamidmahzon.com/public_html/index.php(67): CodeIgniter\CodeIgniter->run()
#9 {main}
CRITICAL - 2024-04-19 14:06:08 --> Unknown column 'pk' in 'where clause'
in SYSTEMPATH/Database/BaseConnection.php on line 645.
 1 SYSTEMPATH/Database/BaseBuilder.php(1616): CodeIgniter\Database\BaseConnection->query()
 2 APPPATH/Controllers/CwnupcController.php(21): CodeIgniter\Database\BaseBuilder->get()
 3 SYSTEMPATH/CodeIgniter.php(934): App\Controllers\CwnupcController->index()
 4 SYSTEMPATH/CodeIgniter.php(499): CodeIgniter\CodeIgniter->runController()
 5 SYSTEMPATH/CodeIgniter.php(368): CodeIgniter\CodeIgniter->handleRequest()
 6 FCPATH/index.php(67): CodeIgniter\CodeIgniter->run()
ERROR - 2024-04-19 14:06:49 --> mysqli_sql_exception: Unknown column 'pk' in 'where clause' in /home/rncpzrjh/domains/hamidmahzon.com/public_html/myapp/system/Database/MySQLi/Connection.php:295
Stack trace:
#0 /home/rncpzrjh/domains/hamidmahzon.com/public_html/myapp/system/Database/MySQLi/Connection.php(295): mysqli->query()
#1 /home/rncpzrjh/domains/hamidmahzon.com/public_html/myapp/system/Database/BaseConnection.php(691): CodeIgniter\Database\MySQLi\Connection->execute()
#2 /home/rncpzrjh/domains/hamidmahzon.com/public_html/myapp/system/Database/BaseConnection.php(605): CodeIgniter\Database\BaseConnection->simpleQuery()
#3 /home/rncpzrjh/domains/hamidmahzon.com/public_html/myapp/system/Database/BaseBuilder.php(1616): CodeIgniter\Database\BaseConnection->query()
#4 /home/rncpzrjh/domains/hamidmahzon.com/public_html/myapp/app/Controllers/CwnupcController.php(21): CodeIgniter\Database\BaseBuilder->get()
#5 /home/rncpzrjh/domains/hamidmahzon.com/public_html/myapp/system/CodeIgniter.php(934): App\Controllers\CwnupcController->index()
#6 /home/rncpzrjh/domains/hamidmahzon.com/public_html/myapp/system/CodeIgniter.php(499): CodeIgniter\CodeIgniter->runController()
#7 /home/rncpzrjh/domains/hamidmahzon.com/public_html/myapp/system/CodeIgniter.php(368): CodeIgniter\CodeIgniter->handleRequest()
#8 /home/rncpzrjh/domains/hamidmahzon.com/public_html/index.php(67): CodeIgniter\CodeIgniter->run()
#9 {main}
CRITICAL - 2024-04-19 14:06:49 --> Unknown column 'pk' in 'where clause'
in SYSTEMPATH/Database/BaseConnection.php on line 645.
 1 SYSTEMPATH/Database/BaseBuilder.php(1616): CodeIgniter\Database\BaseConnection->query()
 2 APPPATH/Controllers/CwnupcController.php(21): CodeIgniter\Database\BaseBuilder->get()
 3 SYSTEMPATH/CodeIgniter.php(934): App\Controllers\CwnupcController->index()
 4 SYSTEMPATH/CodeIgniter.php(499): CodeIgniter\CodeIgniter->runController()
 5 SYSTEMPATH/CodeIgniter.php(368): CodeIgniter\CodeIgniter->handleRequest()
 6 FCPATH/index.php(67): CodeIgniter\CodeIgniter->run()
ERROR - 2024-04-19 14:06:50 --> mysqli_sql_exception: Unknown column 'pk' in 'where clause' in /home/rncpzrjh/domains/hamidmahzon.com/public_html/myapp/system/Database/MySQLi/Connection.php:295
Stack trace:
#0 /home/rncpzrjh/domains/hamidmahzon.com/public_html/myapp/system/Database/MySQLi/Connection.php(295): mysqli->query()
#1 /home/rncpzrjh/domains/hamidmahzon.com/public_html/myapp/system/Database/BaseConnection.php(691): CodeIgniter\Database\MySQLi\Connection->execute()
#2 /home/rncpzrjh/domains/hamidmahzon.com/public_html/myapp/system/Database/BaseConnection.php(605): CodeIgniter\Database\BaseConnection->simpleQuery()
#3 /home/rncpzrjh/domains/hamidmahzon.com/public_html/myapp/system/Database/BaseBuilder.php(1616): CodeIgniter\Database\BaseConnection->query()
#4 /home/rncpzrjh/domains/hamidmahzon.com/public_html/myapp/app/Controllers/CwnupcController.php(21): CodeIgniter\Database\BaseBuilder->get()
#5 /home/rncpzrjh/domains/hamidmahzon.com/public_html/myapp/system/CodeIgniter.php(934): App\Controllers\CwnupcController->index()
#6 /home/rncpzrjh/domains/hamidmahzon.com/public_html/myapp/system/CodeIgniter.php(499): CodeIgniter\CodeIgniter->runController()
#7 /home/rncpzrjh/domains/hamidmahzon.com/public_html/myapp/system/CodeIgniter.php(368): CodeIgniter\CodeIgniter->handleRequest()
#8 /home/rncpzrjh/domains/hamidmahzon.com/public_html/index.php(67): CodeIgniter\CodeIgniter->run()
#9 {main}
CRITICAL - 2024-04-19 14:06:50 --> Unknown column 'pk' in 'where clause'
in SYSTEMPATH/Database/BaseConnection.php on line 645.
 1 SYSTEMPATH/Database/BaseBuilder.php(1616): CodeIgniter\Database\BaseConnection->query()
 2 APPPATH/Controllers/CwnupcController.php(21): CodeIgniter\Database\BaseBuilder->get()
 3 SYSTEMPATH/CodeIgniter.php(934): App\Controllers\CwnupcController->index()
 4 SYSTEMPATH/CodeIgniter.php(499): CodeIgniter\CodeIgniter->runController()
 5 SYSTEMPATH/CodeIgniter.php(368): CodeIgniter\CodeIgniter->handleRequest()
 6 FCPATH/index.php(67): CodeIgniter\CodeIgniter->run()
ERROR - 2024-04-19 14:07:14 --> mysqli_sql_exception: Unknown column 'pk' in 'where clause' in /home/rncpzrjh/domains/hamidmahzon.com/public_html/myapp/system/Database/MySQLi/Connection.php:295
Stack trace:
#0 /home/rncpzrjh/domains/hamidmahzon.com/public_html/myapp/system/Database/MySQLi/Connection.php(295): mysqli->query()
#1 /home/rncpzrjh/domains/hamidmahzon.com/public_html/myapp/system/Database/BaseConnection.php(691): CodeIgniter\Database\MySQLi\Connection->execute()
#2 /home/rncpzrjh/domains/hamidmahzon.com/public_html/myapp/system/Database/BaseConnection.php(605): CodeIgniter\Database\BaseConnection->simpleQuery()
#3 /home/rncpzrjh/domains/hamidmahzon.com/public_html/myapp/system/Database/BaseBuilder.php(1616): CodeIgniter\Database\BaseConnection->query()
#4 /home/rncpzrjh/domains/hamidmahzon.com/public_html/myapp/app/Controllers/CwnupcController.php(21): CodeIgniter\Database\BaseBuilder->get()
#5 /home/rncpzrjh/domains/hamidmahzon.com/public_html/myapp/system/CodeIgniter.php(934): App\Controllers\CwnupcController->index()
#6 /home/rncpzrjh/domains/hamidmahzon.com/public_html/myapp/system/CodeIgniter.php(499): CodeIgniter\CodeIgniter->runController()
#7 /home/rncpzrjh/domains/hamidmahzon.com/public_html/myapp/system/CodeIgniter.php(368): CodeIgniter\CodeIgniter->handleRequest()
#8 /home/rncpzrjh/domains/hamidmahzon.com/public_html/index.php(67): CodeIgniter\CodeIgniter->run()
#9 {main}
CRITICAL - 2024-04-19 14:07:14 --> Unknown column 'pk' in 'where clause'
in SYSTEMPATH/Database/BaseConnection.php on line 645.
 1 SYSTEMPATH/Database/BaseBuilder.php(1616): CodeIgniter\Database\BaseConnection->query()
 2 APPPATH/Controllers/CwnupcController.php(21): CodeIgniter\Database\BaseBuilder->get()
 3 SYSTEMPATH/CodeIgniter.php(934): App\Controllers\CwnupcController->index()
 4 SYSTEMPATH/CodeIgniter.php(499): CodeIgniter\CodeIgniter->runController()
 5 SYSTEMPATH/CodeIgniter.php(368): CodeIgniter\CodeIgniter->handleRequest()
 6 FCPATH/index.php(67): CodeIgniter\CodeIgniter->run()
ERROR - 2024-04-19 14:13:58 --> mysqli_sql_exception: Unknown column 'pk' in 'where clause' in /home/rncpzrjh/domains/hamidmahzon.com/public_html/myapp/system/Database/MySQLi/Connection.php:295
Stack trace:
#0 /home/rncpzrjh/domains/hamidmahzon.com/public_html/myapp/system/Database/MySQLi/Connection.php(295): mysqli->query()
#1 /home/rncpzrjh/domains/hamidmahzon.com/public_html/myapp/system/Database/BaseConnection.php(691): CodeIgniter\Database\MySQLi\Connection->execute()
#2 /home/rncpzrjh/domains/hamidmahzon.com/public_html/myapp/system/Database/BaseConnection.php(605): CodeIgniter\Database\BaseConnection->simpleQuery()
#3 /home/rncpzrjh/domains/hamidmahzon.com/public_html/myapp/system/Database/BaseBuilder.php(1616): CodeIgniter\Database\BaseConnection->query()
#4 /home/rncpzrjh/domains/hamidmahzon.com/public_html/myapp/app/Controllers/CwnupcController.php(21): CodeIgniter\Database\BaseBuilder->get()
#5 /home/rncpzrjh/domains/hamidmahzon.com/public_html/myapp/system/CodeIgniter.php(934): App\Controllers\CwnupcController->index()
#6 /home/rncpzrjh/domains/hamidmahzon.com/public_html/myapp/system/CodeIgniter.php(499): CodeIgniter\CodeIgniter->runController()
#7 /home/rncpzrjh/domains/hamidmahzon.com/public_html/myapp/system/CodeIgniter.php(368): CodeIgniter\CodeIgniter->handleRequest()
#8 /home/rncpzrjh/domains/hamidmahzon.com/public_html/index.php(67): CodeIgniter\CodeIgniter->run()
#9 {main}
CRITICAL - 2024-04-19 14:13:58 --> Unknown column 'pk' in 'where clause'
in SYSTEMPATH/Database/BaseConnection.php on line 645.
 1 SYSTEMPATH/Database/BaseBuilder.php(1616): CodeIgniter\Database\BaseConnection->query()
 2 APPPATH/Controllers/CwnupcController.php(21): CodeIgniter\Database\BaseBuilder->get()
 3 SYSTEMPATH/CodeIgniter.php(934): App\Controllers\CwnupcController->index()
 4 SYSTEMPATH/CodeIgniter.php(499): CodeIgniter\CodeIgniter->runController()
 5 SYSTEMPATH/CodeIgniter.php(368): CodeIgniter\CodeIgniter->handleRequest()
 6 FCPATH/index.php(67): CodeIgniter\CodeIgniter->run()
ERROR - 2024-04-19 14:19:11 --> mysqli_sql_exception: Unknown column 'pk' in 'where clause' in /home/rncpzrjh/domains/hamidmahzon.com/public_html/myapp/system/Database/MySQLi/Connection.php:295
Stack trace:
#0 /home/rncpzrjh/domains/hamidmahzon.com/public_html/myapp/system/Database/MySQLi/Connection.php(295): mysqli->query()
#1 /home/rncpzrjh/domains/hamidmahzon.com/public_html/myapp/system/Database/BaseConnection.php(691): CodeIgniter\Database\MySQLi\Connection->execute()
#2 /home/rncpzrjh/domains/hamidmahzon.com/public_html/myapp/system/Database/BaseConnection.php(605): CodeIgniter\Database\BaseConnection->simpleQuery()
#3 /home/rncpzrjh/domains/hamidmahzon.com/public_html/myapp/system/Database/BaseBuilder.php(1616): CodeIgniter\Database\BaseConnection->query()
#4 /home/rncpzrjh/domains/hamidmahzon.com/public_html/myapp/app/Controllers/CwnupcController.php(21): CodeIgniter\Database\BaseBuilder->get()
#5 /home/rncpzrjh/domains/hamidmahzon.com/public_html/myapp/system/CodeIgniter.php(934): App\Controllers\CwnupcController->index()
#6 /home/rncpzrjh/domains/hamidmahzon.com/public_html/myapp/system/CodeIgniter.php(499): CodeIgniter\CodeIgniter->runController()
#7 /home/rncpzrjh/domains/hamidmahzon.com/public_html/myapp/system/CodeIgniter.php(368): CodeIgniter\CodeIgniter->handleRequest()
#8 /home/rncpzrjh/domains/hamidmahzon.com/public_html/index.php(67): CodeIgniter\CodeIgniter->run()
#9 {main}
CRITICAL - 2024-04-19 14:19:11 --> Unknown column 'pk' in 'where clause'
in SYSTEMPATH/Database/BaseConnection.php on line 645.
 1 SYSTEMPATH/Database/BaseBuilder.php(1616): CodeIgniter\Database\BaseConnection->query()
 2 APPPATH/Controllers/CwnupcController.php(21): CodeIgniter\Database\BaseBuilder->get()
 3 SYSTEMPATH/CodeIgniter.php(934): App\Controllers\CwnupcController->index()
 4 SYSTEMPATH/CodeIgniter.php(499): CodeIgniter\CodeIgniter->runController()
 5 SYSTEMPATH/CodeIgniter.php(368): CodeIgniter\CodeIgniter->handleRequest()
 6 FCPATH/index.php(67): CodeIgniter\CodeIgniter->run()
ERROR - 2024-04-19 14:19:14 --> mysqli_sql_exception: Unknown column 'pk' in 'where clause' in /home/rncpzrjh/domains/hamidmahzon.com/public_html/myapp/system/Database/MySQLi/Connection.php:295
Stack trace:
#0 /home/rncpzrjh/domains/hamidmahzon.com/public_html/myapp/system/Database/MySQLi/Connection.php(295): mysqli->query()
#1 /home/rncpzrjh/domains/hamidmahzon.com/public_html/myapp/system/Database/BaseConnection.php(691): CodeIgniter\Database\MySQLi\Connection->execute()
#2 /home/rncpzrjh/domains/hamidmahzon.com/public_html/myapp/system/Database/BaseConnection.php(605): CodeIgniter\Database\BaseConnection->simpleQuery()
#3 /home/rncpzrjh/domains/hamidmahzon.com/public_html/myapp/system/Database/BaseBuilder.php(1616): CodeIgniter\Database\BaseConnection->query()
#4 /home/rncpzrjh/domains/hamidmahzon.com/public_html/myapp/app/Controllers/CwnupcController.php(21): CodeIgniter\Database\BaseBuilder->get()
#5 /home/rncpzrjh/domains/hamidmahzon.com/public_html/myapp/system/CodeIgniter.php(934): App\Controllers\CwnupcController->index()
#6 /home/rncpzrjh/domains/hamidmahzon.com/public_html/myapp/system/CodeIgniter.php(499): CodeIgniter\CodeIgniter->runController()
#7 /home/rncpzrjh/domains/hamidmahzon.com/public_html/myapp/system/CodeIgniter.php(368): CodeIgniter\CodeIgniter->handleRequest()
#8 /home/rncpzrjh/domains/hamidmahzon.com/public_html/index.php(67): CodeIgniter\CodeIgniter->run()
#9 {main}
CRITICAL - 2024-04-19 14:19:14 --> Unknown column 'pk' in 'where clause'
in SYSTEMPATH/Database/BaseConnection.php on line 645.
 1 SYSTEMPATH/Database/BaseBuilder.php(1616): CodeIgniter\Database\BaseConnection->query()
 2 APPPATH/Controllers/CwnupcController.php(21): CodeIgniter\Database\BaseBuilder->get()
 3 SYSTEMPATH/CodeIgniter.php(934): App\Controllers\CwnupcController->index()
 4 SYSTEMPATH/CodeIgniter.php(499): CodeIgniter\CodeIgniter->runController()
 5 SYSTEMPATH/CodeIgniter.php(368): CodeIgniter\CodeIgniter->handleRequest()
 6 FCPATH/index.php(67): CodeIgniter\CodeIgniter->run()
ERROR - 2024-04-19 14:19:35 --> mysqli_sql_exception: Unknown column 'pk' in 'where clause' in /home/rncpzrjh/domains/hamidmahzon.com/public_html/myapp/system/Database/MySQLi/Connection.php:295
Stack trace:
#0 /home/rncpzrjh/domains/hamidmahzon.com/public_html/myapp/system/Database/MySQLi/Connection.php(295): mysqli->query()
#1 /home/rncpzrjh/domains/hamidmahzon.com/public_html/myapp/system/Database/BaseConnection.php(691): CodeIgniter\Database\MySQLi\Connection->execute()
#2 /home/rncpzrjh/domains/hamidmahzon.com/public_html/myapp/system/Database/BaseConnection.php(605): CodeIgniter\Database\BaseConnection->simpleQuery()
#3 /home/rncpzrjh/domains/hamidmahzon.com/public_html/myapp/system/Database/BaseBuilder.php(1616): CodeIgniter\Database\BaseConnection->query()
#4 /home/rncpzrjh/domains/hamidmahzon.com/public_html/myapp/app/Controllers/CwnupcController.php(21): CodeIgniter\Database\BaseBuilder->get()
#5 /home/rncpzrjh/domains/hamidmahzon.com/public_html/myapp/system/CodeIgniter.php(934): App\Controllers\CwnupcController->index()
#6 /home/rncpzrjh/domains/hamidmahzon.com/public_html/myapp/system/CodeIgniter.php(499): CodeIgniter\CodeIgniter->runController()
#7 /home/rncpzrjh/domains/hamidmahzon.com/public_html/myapp/system/CodeIgniter.php(368): CodeIgniter\CodeIgniter->handleRequest()
#8 /home/rncpzrjh/domains/hamidmahzon.com/public_html/index.php(67): CodeIgniter\CodeIgniter->run()
#9 {main}
CRITICAL - 2024-04-19 14:19:35 --> Unknown column 'pk' in 'where clause'
in SYSTEMPATH/Database/BaseConnection.php on line 645.
 1 SYSTEMPATH/Database/BaseBuilder.php(1616): CodeIgniter\Database\BaseConnection->query()
 2 APPPATH/Controllers/CwnupcController.php(21): CodeIgniter\Database\BaseBuilder->get()
 3 SYSTEMPATH/CodeIgniter.php(934): App\Controllers\CwnupcController->index()
 4 SYSTEMPATH/CodeIgniter.php(499): CodeIgniter\CodeIgniter->runController()
 5 SYSTEMPATH/CodeIgniter.php(368): CodeIgniter\CodeIgniter->handleRequest()
 6 FCPATH/index.php(67): CodeIgniter\CodeIgniter->run()
ERROR - 2024-04-19 14:19:38 --> mysqli_sql_exception: Unknown column 'pk' in 'where clause' in /home/rncpzrjh/domains/hamidmahzon.com/public_html/myapp/system/Database/MySQLi/Connection.php:295
Stack trace:
#0 /home/rncpzrjh/domains/hamidmahzon.com/public_html/myapp/system/Database/MySQLi/Connection.php(295): mysqli->query()
#1 /home/rncpzrjh/domains/hamidmahzon.com/public_html/myapp/system/Database/BaseConnection.php(691): CodeIgniter\Database\MySQLi\Connection->execute()
#2 /home/rncpzrjh/domains/hamidmahzon.com/public_html/myapp/system/Database/BaseConnection.php(605): CodeIgniter\Database\BaseConnection->simpleQuery()
#3 /home/rncpzrjh/domains/hamidmahzon.com/public_html/myapp/system/Database/BaseBuilder.php(1616): CodeIgniter\Database\BaseConnection->query()
#4 /home/rncpzrjh/domains/hamidmahzon.com/public_html/myapp/app/Controllers/CwnupcController.php(21): CodeIgniter\Database\BaseBuilder->get()
#5 /home/rncpzrjh/domains/hamidmahzon.com/public_html/myapp/system/CodeIgniter.php(934): App\Controllers\CwnupcController->index()
#6 /home/rncpzrjh/domains/hamidmahzon.com/public_html/myapp/system/CodeIgniter.php(499): CodeIgniter\CodeIgniter->runController()
#7 /home/rncpzrjh/domains/hamidmahzon.com/public_html/myapp/system/CodeIgniter.php(368): CodeIgniter\CodeIgniter->handleRequest()
#8 /home/rncpzrjh/domains/hamidmahzon.com/public_html/index.php(67): CodeIgniter\CodeIgniter->run()
#9 {main}
CRITICAL - 2024-04-19 14:19:38 --> Unknown column 'pk' in 'where clause'
in SYSTEMPATH/Database/BaseConnection.php on line 645.
 1 SYSTEMPATH/Database/BaseBuilder.php(1616): CodeIgniter\Database\BaseConnection->query()
 2 APPPATH/Controllers/CwnupcController.php(21): CodeIgniter\Database\BaseBuilder->get()
 3 SYSTEMPATH/CodeIgniter.php(934): App\Controllers\CwnupcController->index()
 4 SYSTEMPATH/CodeIgniter.php(499): CodeIgniter\CodeIgniter->runController()
 5 SYSTEMPATH/CodeIgniter.php(368): CodeIgniter\CodeIgniter->handleRequest()
 6 FCPATH/index.php(67): CodeIgniter\CodeIgniter->run()
ERROR - 2024-04-19 14:19:39 --> mysqli_sql_exception: Unknown column 'pk' in 'where clause' in /home/rncpzrjh/domains/hamidmahzon.com/public_html/myapp/system/Database/MySQLi/Connection.php:295
Stack trace:
#0 /home/rncpzrjh/domains/hamidmahzon.com/public_html/myapp/system/Database/MySQLi/Connection.php(295): mysqli->query()
#1 /home/rncpzrjh/domains/hamidmahzon.com/public_html/myapp/system/Database/BaseConnection.php(691): CodeIgniter\Database\MySQLi\Connection->execute()
#2 /home/rncpzrjh/domains/hamidmahzon.com/public_html/myapp/system/Database/BaseConnection.php(605): CodeIgniter\Database\BaseConnection->simpleQuery()
#3 /home/rncpzrjh/domains/hamidmahzon.com/public_html/myapp/system/Database/BaseBuilder.php(1616): CodeIgniter\Database\BaseConnection->query()
#4 /home/rncpzrjh/domains/hamidmahzon.com/public_html/myapp/app/Controllers/CwnupcController.php(21): CodeIgniter\Database\BaseBuilder->get()
#5 /home/rncpzrjh/domains/hamidmahzon.com/public_html/myapp/system/CodeIgniter.php(934): App\Controllers\CwnupcController->index()
#6 /home/rncpzrjh/domains/hamidmahzon.com/public_html/myapp/system/CodeIgniter.php(499): CodeIgniter\CodeIgniter->runController()
#7 /home/rncpzrjh/domains/hamidmahzon.com/public_html/myapp/system/CodeIgniter.php(368): CodeIgniter\CodeIgniter->handleRequest()
#8 /home/rncpzrjh/domains/hamidmahzon.com/public_html/index.php(67): CodeIgniter\CodeIgniter->run()
#9 {main}
CRITICAL - 2024-04-19 14:19:39 --> Unknown column 'pk' in 'where clause'
in SYSTEMPATH/Database/BaseConnection.php on line 645.
 1 SYSTEMPATH/Database/BaseBuilder.php(1616): CodeIgniter\Database\BaseConnection->query()
 2 APPPATH/Controllers/CwnupcController.php(21): CodeIgniter\Database\BaseBuilder->get()
 3 SYSTEMPATH/CodeIgniter.php(934): App\Controllers\CwnupcController->index()
 4 SYSTEMPATH/CodeIgniter.php(499): CodeIgniter\CodeIgniter->runController()
 5 SYSTEMPATH/CodeIgniter.php(368): CodeIgniter\CodeIgniter->handleRequest()
 6 FCPATH/index.php(67): CodeIgniter\CodeIgniter->run()
ERROR - 2024-04-19 14:19:48 --> mysqli_sql_exception: Unknown column 'pk' in 'where clause' in /home/rncpzrjh/domains/hamidmahzon.com/public_html/myapp/system/Database/MySQLi/Connection.php:295
Stack trace:
#0 /home/rncpzrjh/domains/hamidmahzon.com/public_html/myapp/system/Database/MySQLi/Connection.php(295): mysqli->query()
#1 /home/rncpzrjh/domains/hamidmahzon.com/public_html/myapp/system/Database/BaseConnection.php(691): CodeIgniter\Database\MySQLi\Connection->execute()
#2 /home/rncpzrjh/domains/hamidmahzon.com/public_html/myapp/system/Database/BaseConnection.php(605): CodeIgniter\Database\BaseConnection->simpleQuery()
#3 /home/rncpzrjh/domains/hamidmahzon.com/public_html/myapp/system/Database/BaseBuilder.php(1616): CodeIgniter\Database\BaseConnection->query()
#4 /home/rncpzrjh/domains/hamidmahzon.com/public_html/myapp/app/Controllers/CwnupcController.php(21): CodeIgniter\Database\BaseBuilder->get()
#5 /home/rncpzrjh/domains/hamidmahzon.com/public_html/myapp/system/CodeIgniter.php(934): App\Controllers\CwnupcController->index()
#6 /home/rncpzrjh/domains/hamidmahzon.com/public_html/myapp/system/CodeIgniter.php(499): CodeIgniter\CodeIgniter->runController()
#7 /home/rncpzrjh/domains/hamidmahzon.com/public_html/myapp/system/CodeIgniter.php(368): CodeIgniter\CodeIgniter->handleRequest()
#8 /home/rncpzrjh/domains/hamidmahzon.com/public_html/index.php(67): CodeIgniter\CodeIgniter->run()
#9 {main}
CRITICAL - 2024-04-19 14:19:48 --> Unknown column 'pk' in 'where clause'
in SYSTEMPATH/Database/BaseConnection.php on line 645.
 1 SYSTEMPATH/Database/BaseBuilder.php(1616): CodeIgniter\Database\BaseConnection->query()
 2 APPPATH/Controllers/CwnupcController.php(21): CodeIgniter\Database\BaseBuilder->get()
 3 SYSTEMPATH/CodeIgniter.php(934): App\Controllers\CwnupcController->index()
 4 SYSTEMPATH/CodeIgniter.php(499): CodeIgniter\CodeIgniter->runController()
 5 SYSTEMPATH/CodeIgniter.php(368): CodeIgniter\CodeIgniter->handleRequest()
 6 FCPATH/index.php(67): CodeIgniter\CodeIgniter->run()
ERROR - 2024-04-19 14:20:02 --> mysqli_sql_exception: Unknown column 'pk' in 'where clause' in /home/rncpzrjh/domains/hamidmahzon.com/public_html/myapp/system/Database/MySQLi/Connection.php:295
Stack trace:
#0 /home/rncpzrjh/domains/hamidmahzon.com/public_html/myapp/system/Database/MySQLi/Connection.php(295): mysqli->query()
#1 /home/rncpzrjh/domains/hamidmahzon.com/public_html/myapp/system/Database/BaseConnection.php(691): CodeIgniter\Database\MySQLi\Connection->execute()
#2 /home/rncpzrjh/domains/hamidmahzon.com/public_html/myapp/system/Database/BaseConnection.php(605): CodeIgniter\Database\BaseConnection->simpleQuery()
#3 /home/rncpzrjh/domains/hamidmahzon.com/public_html/myapp/system/Database/BaseBuilder.php(1616): CodeIgniter\Database\BaseConnection->query()
#4 /home/rncpzrjh/domains/hamidmahzon.com/public_html/myapp/app/Controllers/CwnupcController.php(21): CodeIgniter\Database\BaseBuilder->get()
#5 /home/rncpzrjh/domains/hamidmahzon.com/public_html/myapp/system/CodeIgniter.php(934): App\Controllers\CwnupcController->index()
#6 /home/rncpzrjh/domains/hamidmahzon.com/public_html/myapp/system/CodeIgniter.php(499): CodeIgniter\CodeIgniter->runController()
#7 /home/rncpzrjh/domains/hamidmahzon.com/public_html/myapp/system/CodeIgniter.php(368): CodeIgniter\CodeIgniter->handleRequest()
#8 /home/rncpzrjh/domains/hamidmahzon.com/public_html/index.php(67): CodeIgniter\CodeIgniter->run()
#9 {main}
CRITICAL - 2024-04-19 14:20:02 --> Unknown column 'pk' in 'where clause'
in SYSTEMPATH/Database/BaseConnection.php on line 645.
 1 SYSTEMPATH/Database/BaseBuilder.php(1616): CodeIgniter\Database\BaseConnection->query()
 2 APPPATH/Controllers/CwnupcController.php(21): CodeIgniter\Database\BaseBuilder->get()
 3 SYSTEMPATH/CodeIgniter.php(934): App\Controllers\CwnupcController->index()
 4 SYSTEMPATH/CodeIgniter.php(499): CodeIgniter\CodeIgniter->runController()
 5 SYSTEMPATH/CodeIgniter.php(368): CodeIgniter\CodeIgniter->handleRequest()
 6 FCPATH/index.php(67): CodeIgniter\CodeIgniter->run()
ERROR - 2024-04-19 14:21:05 --> mysqli_sql_exception: Unknown column 'pk' in 'where clause' in /home/rncpzrjh/domains/hamidmahzon.com/public_html/myapp/system/Database/MySQLi/Connection.php:295
Stack trace:
#0 /home/rncpzrjh/domains/hamidmahzon.com/public_html/myapp/system/Database/MySQLi/Connection.php(295): mysqli->query()
#1 /home/rncpzrjh/domains/hamidmahzon.com/public_html/myapp/system/Database/BaseConnection.php(691): CodeIgniter\Database\MySQLi\Connection->execute()
#2 /home/rncpzrjh/domains/hamidmahzon.com/public_html/myapp/system/Database/BaseConnection.php(605): CodeIgniter\Database\BaseConnection->simpleQuery()
#3 /home/rncpzrjh/domains/hamidmahzon.com/public_html/myapp/system/Database/BaseBuilder.php(1616): CodeIgniter\Database\BaseConnection->query()
#4 /home/rncpzrjh/domains/hamidmahzon.com/public_html/myapp/app/Controllers/CwnupcController.php(21): CodeIgniter\Database\BaseBuilder->get()
#5 /home/rncpzrjh/domains/hamidmahzon.com/public_html/myapp/system/CodeIgniter.php(934): App\Controllers\CwnupcController->index()
#6 /home/rncpzrjh/domains/hamidmahzon.com/public_html/myapp/system/CodeIgniter.php(499): CodeIgniter\CodeIgniter->runController()
#7 /home/rncpzrjh/domains/hamidmahzon.com/public_html/myapp/system/CodeIgniter.php(368): CodeIgniter\CodeIgniter->handleRequest()
#8 /home/rncpzrjh/domains/hamidmahzon.com/public_html/index.php(67): CodeIgniter\CodeIgniter->run()
#9 {main}
CRITICAL - 2024-04-19 14:21:05 --> Unknown column 'pk' in 'where clause'
in SYSTEMPATH/Database/BaseConnection.php on line 645.
 1 SYSTEMPATH/Database/BaseBuilder.php(1616): CodeIgniter\Database\BaseConnection->query()
 2 APPPATH/Controllers/CwnupcController.php(21): CodeIgniter\Database\BaseBuilder->get()
 3 SYSTEMPATH/CodeIgniter.php(934): App\Controllers\CwnupcController->index()
 4 SYSTEMPATH/CodeIgniter.php(499): CodeIgniter\CodeIgniter->runController()
 5 SYSTEMPATH/CodeIgniter.php(368): CodeIgniter\CodeIgniter->handleRequest()
 6 FCPATH/index.php(67): CodeIgniter\CodeIgniter->run()
ERROR - 2024-04-19 23:22:15 --> mysqli_sql_exception: Unknown column 'batch' in 'field list' in /home/rncpzrjh/domains/hamidmahzon.com/public_html/myapp/system/Database/MySQLi/Connection.php:295
Stack trace:
#0 /home/rncpzrjh/domains/hamidmahzon.com/public_html/myapp/system/Database/MySQLi/Connection.php(295): mysqli->query()
#1 /home/rncpzrjh/domains/hamidmahzon.com/public_html/myapp/system/Database/BaseConnection.php(691): CodeIgniter\Database\MySQLi\Connection->execute()
#2 /home/rncpzrjh/domains/hamidmahzon.com/public_html/myapp/system/Database/BaseConnection.php(605): CodeIgniter\Database\BaseConnection->simpleQuery()
#3 /home/rncpzrjh/domains/hamidmahzon.com/public_html/myapp/system/Database/BaseBuilder.php(1616): CodeIgniter\Database\BaseConnection->query()
#4 /home/rncpzrjh/domains/hamidmahzon.com/public_html/myapp/app/Controllers/CwnupcController.php(170): CodeIgniter\Database\BaseBuilder->get()
#5 /home/rncpzrjh/domains/hamidmahzon.com/public_html/myapp/system/CodeIgniter.php(934): App\Controllers\CwnupcController->add()
#6 /home/rncpzrjh/domains/hamidmahzon.com/public_html/myapp/system/CodeIgniter.php(499): CodeIgniter\CodeIgniter->runController()
#7 /home/rncpzrjh/domains/hamidmahzon.com/public_html/myapp/system/CodeIgniter.php(368): CodeIgniter\CodeIgniter->handleRequest()
#8 /home/rncpzrjh/domains/hamidmahzon.com/public_html/index.php(67): CodeIgniter\CodeIgniter->run()
#9 {main}
CRITICAL - 2024-04-19 23:22:15 --> Unknown column 'batch' in 'field list'
in SYSTEMPATH/Database/BaseConnection.php on line 645.
 1 SYSTEMPATH/Database/BaseBuilder.php(1616): CodeIgniter\Database\BaseConnection->query()
 2 APPPATH/Controllers/CwnupcController.php(170): CodeIgniter\Database\BaseBuilder->get()
 3 SYSTEMPATH/CodeIgniter.php(934): App\Controllers\CwnupcController->add()
 4 SYSTEMPATH/CodeIgniter.php(499): CodeIgniter\CodeIgniter->runController()
 5 SYSTEMPATH/CodeIgniter.php(368): CodeIgniter\CodeIgniter->handleRequest()
 6 FCPATH/index.php(67): CodeIgniter\CodeIgniter->run()
